{"D:\\Programming\\ultimate-todo-list\\Part3-Realtime App\\src\\App.js": {"path":"D:\\Programming\\ultimate-todo-list\\Part3-Realtime App\\src\\App.js","statementMap":{"0":{"start":{"line":1,"column":13},"end":{"line":1,"column":75}},"1":{"start":{"line":1,"column":94},"end":{"line":1,"column":164}},"2":{"start":{"line":10,"column":13},"end":{"line":10,"column":29}},"3":{"start":{"line":10,"column":44},"end":{"line":10,"column":74}},"4":{"start":{"line":10,"column":75},"end":{"line":10,"column":106}},"5":{"start":{"line":10,"column":106},"end":{"line":10,"column":162}},"6":{"start":{"line":10,"column":162},"end":{"line":10,"column":201}},"7":{"start":{"line":10,"column":201},"end":{"line":10,"column":229}},"8":{"start":{"line":10,"column":229},"end":{"line":10,"column":257}},"9":{"start":{"line":11,"column":21},"end":{"line":11,"column":58}},"10":{"start":{"line":11,"column":81},"end":{"line":11,"column":119}},"11":{"start":{"line":12,"column":14},"end":{"line":12,"column":44}},"12":{"start":{"line":12,"column":60},"end":{"line":12,"column":91}},"13":{"start":{"line":12,"column":130},"end":{"line":12,"column":184}},"14":{"start":{"line":19,"column":2},"end":{"line":23,"column":126}},"15":{"start":{"line":28,"column":3},"end":{"line":32,"column":4}}},"fnMap":{"0":{"name":"_interopRequireDefault","decl":{"start":{"line":12,"column":101},"end":{"line":12,"column":123}},"loc":{"start":{"line":12,"column":129},"end":{"line":12,"column":185}},"line":12},"1":{"name":"(anonymous_1)","decl":{"start":{"line":17,"column":1},"end":{"line":17,"column":2}},"loc":{"start":{"line":17,"column":10},"end":{"line":28,"column":2}},"line":17}},"branchMap":{"0":{"loc":{"start":{"line":12,"column":137},"end":{"line":12,"column":183}},"type":"cond-expr","locations":[{"start":{"line":12,"column":161},"end":{"line":12,"column":164}},{"start":{"line":12,"column":167},"end":{"line":12,"column":183}}],"line":12},"1":{"loc":{"start":{"line":12,"column":137},"end":{"line":12,"column":158}},"type":"binary-expr","locations":[{"start":{"line":12,"column":137},"end":{"line":12,"column":140}},{"start":{"line":12,"column":144},"end":{"line":12,"column":158}}],"line":12}},"s":{"0":0,"1":0,"2":0,"3":0,"4":0,"5":0,"6":0,"7":0,"8":0,"9":0,"10":0,"11":0,"12":0,"13":0,"14":0,"15":0},"f":{"0":0,"1":0},"b":{"0":[0,0],"1":[0,0]}}
,"D:\\Programming\\ultimate-todo-list\\Part3-Realtime App\\src\\App.test1.js": {"path":"D:\\Programming\\ultimate-todo-list\\Part3-Realtime App\\src\\App.test1.js","statementMap":{"0":{"start":{"line":1,"column":32},"end":{"line":1,"column":108}},"1":{"start":{"line":1,"column":122},"end":{"line":1,"column":138}},"2":{"start":{"line":1,"column":153},"end":{"line":1,"column":183}},"3":{"start":{"line":2,"column":16},"end":{"line":2,"column":36}},"4":{"start":{"line":2,"column":54},"end":{"line":2,"column":87}},"5":{"start":{"line":3,"column":22},"end":{"line":3,"column":49}},"6":{"start":{"line":4,"column":18},"end":{"line":4,"column":40}},"7":{"start":{"line":5,"column":13},"end":{"line":5,"column":38}},"8":{"start":{"line":5,"column":53},"end":{"line":5,"column":83}},"9":{"start":{"line":6,"column":11},"end":{"line":6,"column":27}},"10":{"start":{"line":6,"column":40},"end":{"line":6,"column":68}},"11":{"start":{"line":6,"column":107},"end":{"line":6,"column":161}},"12":{"start":{"line":8,"column":0},"end":{"line":8,"column":27}},"13":{"start":{"line":9,"column":0},"end":{"line":9,"column":26}},"14":{"start":{"line":11,"column":0},"end":{"line":11,"column":32}},"15":{"start":{"line":13,"column":0},"end":{"line":22,"column":3}},"16":{"start":{"line":14,"column":14},"end":{"line":14,"column":43}},"17":{"start":{"line":15,"column":2},"end":{"line":20,"column":7}},"18":{"start":{"line":21,"column":2},"end":{"line":21,"column":49}}},"fnMap":{"0":{"name":"_interopRequireDefault","decl":{"start":{"line":6,"column":78},"end":{"line":6,"column":100}},"loc":{"start":{"line":6,"column":106},"end":{"line":6,"column":162}},"line":6},"1":{"name":"(anonymous_1)","decl":{"start":{"line":13,"column":31},"end":{"line":13,"column":32}},"loc":{"start":{"line":13,"column":37},"end":{"line":22,"column":1}},"line":13}},"branchMap":{"0":{"loc":{"start":{"line":6,"column":114},"end":{"line":6,"column":160}},"type":"cond-expr","locations":[{"start":{"line":6,"column":138},"end":{"line":6,"column":141}},{"start":{"line":6,"column":144},"end":{"line":6,"column":160}}],"line":6},"1":{"loc":{"start":{"line":6,"column":114},"end":{"line":6,"column":135}},"type":"binary-expr","locations":[{"start":{"line":6,"column":114},"end":{"line":6,"column":117}},{"start":{"line":6,"column":121},"end":{"line":6,"column":135}}],"line":6}},"s":{"0":0,"1":0,"2":0,"3":0,"4":0,"5":0,"6":0,"7":0,"8":0,"9":0,"10":0,"11":0,"12":0,"13":0,"14":0,"15":0,"16":0,"17":0,"18":0},"f":{"0":0,"1":0},"b":{"0":[0,0],"1":[0,0]}}
,"D:\\Programming\\ultimate-todo-list\\Part3-Realtime App\\src\\index.js": {"path":"D:\\Programming\\ultimate-todo-list\\Part3-Realtime App\\src\\index.js","statementMap":{"0":{"start":{"line":1,"column":32},"end":{"line":1,"column":104}},"1":{"start":{"line":1,"column":118},"end":{"line":1,"column":134}},"2":{"start":{"line":1,"column":149},"end":{"line":1,"column":179}},"3":{"start":{"line":2,"column":16},"end":{"line":2,"column":36}},"4":{"start":{"line":2,"column":54},"end":{"line":2,"column":87}},"5":{"start":{"line":3,"column":22},"end":{"line":3,"column":49}},"6":{"start":{"line":4,"column":18},"end":{"line":4,"column":40}},"7":{"start":{"line":5,"column":13},"end":{"line":5,"column":38}},"8":{"start":{"line":5,"column":53},"end":{"line":5,"column":83}},"9":{"start":{"line":6,"column":11},"end":{"line":6,"column":27}},"10":{"start":{"line":6,"column":40},"end":{"line":6,"column":68}},"11":{"start":{"line":7,"column":29},"end":{"line":7,"column":63}},"12":{"start":{"line":7,"column":94},"end":{"line":7,"column":140}},"13":{"start":{"line":7,"column":179},"end":{"line":7,"column":233}},"14":{"start":{"line":10,"column":0},"end":{"line":10,"column":27}},"15":{"start":{"line":11,"column":0},"end":{"line":11,"column":26}},"16":{"start":{"line":12,"column":0},"end":{"line":12,"column":32}},"17":{"start":{"line":14,"column":0},"end":{"line":20,"column":33}},"18":{"start":{"line":24,"column":0},"end":{"line":24,"column":39}}},"fnMap":{"0":{"name":"_interopRequireDefault","decl":{"start":{"line":7,"column":150},"end":{"line":7,"column":172}},"loc":{"start":{"line":7,"column":178},"end":{"line":7,"column":234}},"line":7}},"branchMap":{"0":{"loc":{"start":{"line":7,"column":186},"end":{"line":7,"column":232}},"type":"cond-expr","locations":[{"start":{"line":7,"column":210},"end":{"line":7,"column":213}},{"start":{"line":7,"column":216},"end":{"line":7,"column":232}}],"line":7},"1":{"loc":{"start":{"line":7,"column":186},"end":{"line":7,"column":207}},"type":"binary-expr","locations":[{"start":{"line":7,"column":186},"end":{"line":7,"column":189}},{"start":{"line":7,"column":193},"end":{"line":7,"column":207}}],"line":7}},"s":{"0":0,"1":0,"2":0,"3":0,"4":0,"5":0,"6":0,"7":0,"8":0,"9":0,"10":0,"11":0,"12":0,"13":0,"14":0,"15":0,"16":0,"17":0,"18":0},"f":{"0":0},"b":{"0":[0,0],"1":[0,0]}}
,"D:\\Programming\\ultimate-todo-list\\Part3-Realtime App\\src\\registerServiceWorker.js": {"path":"D:\\Programming\\ultimate-todo-list\\Part3-Realtime App\\src\\registerServiceWorker.js","statementMap":{"0":{"start":{"line":1,"column":13},"end":{"line":1,"column":75}},"1":{"start":{"line":1,"column":75},"end":{"line":21,"column":9}},"2":{"start":{"line":21,"column":9},"end":{"line":111,"column":24}},"3":{"start":{"line":118,"column":20},"end":{"line":120,"column":89}},"4":{"start":{"line":120,"column":111},"end":{"line":128,"column":36}},"5":{"start":{"line":121,"column":22},"end":{"line":121,"column":70}},"6":{"start":{"line":121,"column":71},"end":{"line":124,"column":14}},"7":{"start":{"line":124,"column":6},"end":{"line":124,"column":13}},"8":{"start":{"line":124,"column":14},"end":{"line":128,"column":35}},"9":{"start":{"line":124,"column":67},"end":{"line":124,"column":112}},"10":{"start":{"line":124,"column":113},"end":{"line":128,"column":32}},"11":{"start":{"line":125,"column":8},"end":{"line":125,"column":39}},"12":{"start":{"line":127,"column":8},"end":{"line":127,"column":178}},"13":{"start":{"line":127,"column":50},"end":{"line":127,"column":175}},"14":{"start":{"line":128,"column":8},"end":{"line":128,"column":31}},"15":{"start":{"line":128,"column":70},"end":{"line":135,"column":156}},"16":{"start":{"line":128,"column":132},"end":{"line":135,"column":68}},"17":{"start":{"line":128,"column":193},"end":{"line":128,"column":216}},"18":{"start":{"line":128,"column":217},"end":{"line":135,"column":66}},"19":{"start":{"line":128,"column":257},"end":{"line":135,"column":64}},"20":{"start":{"line":128,"column":302},"end":{"line":135,"column":63}},"21":{"start":{"line":132,"column":12},"end":{"line":132,"column":69}},"22":{"start":{"line":135,"column":12},"end":{"line":135,"column":62}},"23":{"start":{"line":135,"column":87},"end":{"line":135,"column":153}},"24":{"start":{"line":136,"column":2},"end":{"line":139,"column":126}},"25":{"start":{"line":137,"column":4},"end":{"line":139,"column":30}},"26":{"start":{"line":138,"column":6},"end":{"line":138,"column":127}},"27":{"start":{"line":138,"column":58},"end":{"line":138,"column":124}},"28":{"start":{"line":138,"column":96},"end":{"line":138,"column":121}},"29":{"start":{"line":139,"column":6},"end":{"line":139,"column":29}},"30":{"start":{"line":139,"column":46},"end":{"line":139,"column":123}},"31":{"start":{"line":139,"column":150},"end":{"line":139,"column":267}},"32":{"start":{"line":139,"column":185},"end":{"line":139,"column":266}},"33":{"start":{"line":139,"column":237},"end":{"line":139,"column":263}}},"fnMap":{"0":{"name":"register","decl":{"start":{"line":120,"column":99},"end":{"line":120,"column":107}},"loc":{"start":{"line":120,"column":110},"end":{"line":128,"column":37}},"line":120},"1":{"name":"(anonymous_1)","decl":{"start":{"line":124,"column":46},"end":{"line":124,"column":47}},"loc":{"start":{"line":124,"column":52},"end":{"line":128,"column":33}},"line":124},"2":{"name":"(anonymous_2)","decl":{"start":{"line":127,"column":43},"end":{"line":127,"column":44}},"loc":{"start":{"line":127,"column":49},"end":{"line":127,"column":176}},"line":127},"3":{"name":"registerValidSW","decl":{"start":{"line":128,"column":46},"end":{"line":128,"column":61}},"loc":{"start":{"line":128,"column":69},"end":{"line":135,"column":157}},"line":128},"4":{"name":"(anonymous_4)","decl":{"start":{"line":128,"column":115},"end":{"line":128,"column":116}},"loc":{"start":{"line":128,"column":131},"end":{"line":135,"column":69}},"line":128},"5":{"name":"(anonymous_5)","decl":{"start":{"line":128,"column":161},"end":{"line":128,"column":162}},"loc":{"start":{"line":128,"column":167},"end":{"line":135,"column":67}},"line":128},"6":{"name":"(anonymous_6)","decl":{"start":{"line":128,"column":250},"end":{"line":128,"column":251}},"loc":{"start":{"line":128,"column":256},"end":{"line":135,"column":65}},"line":128},"7":{"name":"(anonymous_7)","decl":{"start":{"line":135,"column":77},"end":{"line":135,"column":78}},"loc":{"start":{"line":135,"column":86},"end":{"line":135,"column":154}},"line":135},"8":{"name":"checkValidServiceWorker","decl":{"start":{"line":135,"column":166},"end":{"line":135,"column":189}},"loc":{"start":{"line":135,"column":197},"end":{"line":139,"column":127}},"line":135},"9":{"name":"(anonymous_9)","decl":{"start":{"line":136,"column":20},"end":{"line":136,"column":21}},"loc":{"start":{"line":136,"column":32},"end":{"line":139,"column":31}},"line":136},"10":{"name":"(anonymous_10)","decl":{"start":{"line":138,"column":41},"end":{"line":138,"column":42}},"loc":{"start":{"line":138,"column":57},"end":{"line":138,"column":125}},"line":138},"11":{"name":"(anonymous_11)","decl":{"start":{"line":138,"column":89},"end":{"line":138,"column":90}},"loc":{"start":{"line":138,"column":95},"end":{"line":138,"column":122}},"line":138},"12":{"name":"(anonymous_12)","decl":{"start":{"line":139,"column":39},"end":{"line":139,"column":40}},"loc":{"start":{"line":139,"column":45},"end":{"line":139,"column":124}},"line":139},"13":{"name":"unregister","decl":{"start":{"line":139,"column":136},"end":{"line":139,"column":146}},"loc":{"start":{"line":139,"column":149},"end":{"line":139,"column":268}},"line":139},"14":{"name":"(anonymous_14)","decl":{"start":{"line":139,"column":220},"end":{"line":139,"column":221}},"loc":{"start":{"line":139,"column":236},"end":{"line":139,"column":264}},"line":139}},"branchMap":{"0":{"loc":{"start":{"line":118,"column":28},"end":{"line":120,"column":88}},"type":"binary-expr","locations":[{"start":{"line":118,"column":28},"end":{"line":118,"column":68}},{"start":{"line":119,"column":0},"end":{"line":119,"column":36}},{"start":{"line":120,"column":0},"end":{"line":120,"column":88}}],"line":118},"1":{"loc":{"start":{"line":120,"column":111},"end":{"line":128,"column":36}},"type":"if","locations":[{"start":{"line":120,"column":111},"end":{"line":128,"column":36}},{"start":{"line":120,"column":111},"end":{"line":128,"column":36}}],"line":120},"2":{"loc":{"start":{"line":120,"column":115},"end":{"line":120,"column":184}},"type":"binary-expr","locations":[{"start":{"line":120,"column":115},"end":{"line":120,"column":152}},{"start":{"line":120,"column":156},"end":{"line":120,"column":184}}],"line":120},"3":{"loc":{"start":{"line":121,"column":71},"end":{"line":124,"column":14}},"type":"if","locations":[{"start":{"line":121,"column":71},"end":{"line":124,"column":14}},{"start":{"line":121,"column":71},"end":{"line":124,"column":14}}],"line":121},"4":{"loc":{"start":{"line":124,"column":113},"end":{"line":128,"column":32}},"type":"if","locations":[{"start":{"line":124,"column":113},"end":{"line":128,"column":32}},{"start":{"line":124,"column":113},"end":{"line":128,"column":32}}],"line":124},"5":{"loc":{"start":{"line":128,"column":257},"end":{"line":135,"column":64}},"type":"if","locations":[{"start":{"line":128,"column":257},"end":{"line":135,"column":64}},{"start":{"line":128,"column":257},"end":{"line":135,"column":64}}],"line":128},"6":{"loc":{"start":{"line":128,"column":302},"end":{"line":135,"column":63}},"type":"if","locations":[{"start":{"line":128,"column":302},"end":{"line":135,"column":63}},{"start":{"line":128,"column":302},"end":{"line":135,"column":63}}],"line":128},"7":{"loc":{"start":{"line":137,"column":4},"end":{"line":139,"column":30}},"type":"if","locations":[{"start":{"line":137,"column":4},"end":{"line":139,"column":30}},{"start":{"line":137,"column":4},"end":{"line":139,"column":30}}],"line":137},"8":{"loc":{"start":{"line":137,"column":8},"end":{"line":137,"column":100}},"type":"binary-expr","locations":[{"start":{"line":137,"column":8},"end":{"line":137,"column":31}},{"start":{"line":137,"column":35},"end":{"line":137,"column":100}}],"line":137},"9":{"loc":{"start":{"line":139,"column":150},"end":{"line":139,"column":267}},"type":"if","locations":[{"start":{"line":139,"column":150},"end":{"line":139,"column":267}},{"start":{"line":139,"column":150},"end":{"line":139,"column":267}}],"line":139}},"s":{"0":0,"1":0,"2":0,"3":0,"4":0,"5":0,"6":0,"7":0,"8":0,"9":0,"10":0,"11":0,"12":0,"13":0,"14":0,"15":0,"16":0,"17":0,"18":0,"19":0,"20":0,"21":0,"22":0,"23":0,"24":0,"25":0,"26":0,"27":0,"28":0,"29":0,"30":0,"31":0,"32":0,"33":0},"f":{"0":0,"1":0,"2":0,"3":0,"4":0,"5":0,"6":0,"7":0,"8":0,"9":0,"10":0,"11":0,"12":0,"13":0,"14":0},"b":{"0":[0,0,0],"1":[0,0],"2":[0,0],"3":[0,0],"4":[0,0],"5":[0,0],"6":[0,0],"7":[0,0],"8":[0,0],"9":[0,0]}}
,"D:\\Programming\\ultimate-todo-list\\Part3-Realtime App\\src\\components\\AddTodoPage.js": {"path":"D:\\Programming\\ultimate-todo-list\\Part3-Realtime App\\src\\components\\AddTodoPage.js","statementMap":{"0":{"start":{"line":15,"column":8},"end":{"line":15,"column":35}},"1":{"start":{"line":16,"column":8},"end":{"line":16,"column":37}},"2":{"start":{"line":20,"column":8},"end":{"line":39,"column":10}},"3":{"start":{"line":43,"column":27},"end":{"line":45,"column":2}},"4":{"start":{"line":43,"column":42},"end":{"line":45,"column":1}},"5":{"start":{"line":44,"column":25},"end":{"line":44,"column":50}}},"fnMap":{"0":{"name":"(anonymous_0)","decl":{"start":{"line":14,"column":15},"end":{"line":14,"column":16}},"loc":{"start":{"line":14,"column":25},"end":{"line":17,"column":5}},"line":14},"1":{"name":"(anonymous_1)","decl":{"start":{"line":19,"column":4},"end":{"line":19,"column":5}},"loc":{"start":{"line":19,"column":13},"end":{"line":40,"column":5}},"line":19},"2":{"name":"(anonymous_2)","decl":{"start":{"line":43,"column":27},"end":{"line":43,"column":28}},"loc":{"start":{"line":43,"column":42},"end":{"line":45,"column":1}},"line":43},"3":{"name":"(anonymous_3)","decl":{"start":{"line":44,"column":15},"end":{"line":44,"column":16}},"loc":{"start":{"line":44,"column":25},"end":{"line":44,"column":50}},"line":44}},"branchMap":{},"s":{"0":0,"1":0,"2":0,"3":1,"4":0,"5":0},"f":{"0":0,"1":0,"2":0,"3":0},"b":{},"_coverageSchema":"332fd63041d2c1bcb487cc26dd0d5f7d97098a6c","hash":"da4ed89d87d971889ed306e9e58edae36dd9ffd4"}
,"D:\\Programming\\ultimate-todo-list\\Part3-Realtime App\\src\\components\\Dashboard.js": {"path":"D:\\Programming\\ultimate-todo-list\\Part3-Realtime App\\src\\components\\Dashboard.js","statementMap":{"0":{"start":{"line":7,"column":17},"end":{"line":16,"column":1}},"1":{"start":{"line":9,"column":4},"end":{"line":13,"column":21}}},"fnMap":{"0":{"name":"(anonymous_0)","decl":{"start":{"line":7,"column":17},"end":{"line":7,"column":18}},"loc":{"start":{"line":9,"column":4},"end":{"line":13,"column":21}},"line":9}},"branchMap":{},"s":{"0":2,"1":2},"f":{"0":2},"b":{},"_coverageSchema":"332fd63041d2c1bcb487cc26dd0d5f7d97098a6c","hash":"07e1fe92bddca1d1e131860838ef33a4a65957cc"}
,"D:\\Programming\\ultimate-todo-list\\Part3-Realtime App\\src\\components\\EditTodoPage.js": {"path":"D:\\Programming\\ultimate-todo-list\\Part3-Realtime App\\src\\components\\EditTodoPage.js","statementMap":{"0":{"start":{"line":14,"column":8},"end":{"line":14,"column":60}},"1":{"start":{"line":15,"column":8},"end":{"line":15,"column":37}},"2":{"start":{"line":19,"column":8},"end":{"line":37,"column":10}},"3":{"start":{"line":42,"column":24},"end":{"line":44,"column":2}},"4":{"start":{"line":42,"column":43},"end":{"line":44,"column":1}},"5":{"start":{"line":43,"column":44},"end":{"line":43,"column":76}},"6":{"start":{"line":46,"column":27},"end":{"line":49,"column":2}},"7":{"start":{"line":46,"column":49},"end":{"line":49,"column":1}},"8":{"start":{"line":47,"column":33},"end":{"line":47,"column":66}}},"fnMap":{"0":{"name":"(anonymous_0)","decl":{"start":{"line":13,"column":15},"end":{"line":13,"column":16}},"loc":{"start":{"line":13,"column":25},"end":{"line":16,"column":5}},"line":13},"1":{"name":"(anonymous_1)","decl":{"start":{"line":18,"column":4},"end":{"line":18,"column":5}},"loc":{"start":{"line":18,"column":13},"end":{"line":38,"column":5}},"line":18},"2":{"name":"(anonymous_2)","decl":{"start":{"line":42,"column":24},"end":{"line":42,"column":25}},"loc":{"start":{"line":42,"column":43},"end":{"line":44,"column":1}},"line":42},"3":{"name":"(anonymous_3)","decl":{"start":{"line":43,"column":34},"end":{"line":43,"column":35}},"loc":{"start":{"line":43,"column":44},"end":{"line":43,"column":76}},"line":43},"4":{"name":"(anonymous_4)","decl":{"start":{"line":46,"column":27},"end":{"line":46,"column":28}},"loc":{"start":{"line":46,"column":49},"end":{"line":49,"column":1}},"line":46},"5":{"name":"(anonymous_5)","decl":{"start":{"line":47,"column":19},"end":{"line":47,"column":20}},"loc":{"start":{"line":47,"column":33},"end":{"line":47,"column":66}},"line":47}},"branchMap":{},"s":{"0":0,"1":0,"2":0,"3":1,"4":0,"5":0,"6":1,"7":0,"8":0},"f":{"0":0,"1":0,"2":0,"3":0,"4":0,"5":0},"b":{},"_coverageSchema":"332fd63041d2c1bcb487cc26dd0d5f7d97098a6c","hash":"ef7553bc2db7a0a6e22bede2cbdfeff9f9764725"}
,"D:\\Programming\\ultimate-todo-list\\Part3-Realtime App\\src\\components\\Header.js": {"path":"D:\\Programming\\ultimate-todo-list\\Part3-Realtime App\\src\\components\\Header.js","statementMap":{"0":{"start":{"line":4,"column":15},"end":{"line":11,"column":1}},"1":{"start":{"line":5,"column":4},"end":{"line":10,"column":21}}},"fnMap":{"0":{"name":"(anonymous_0)","decl":{"start":{"line":4,"column":15},"end":{"line":4,"column":16}},"loc":{"start":{"line":5,"column":4},"end":{"line":10,"column":21}},"line":5}},"branchMap":{},"s":{"0":3,"1":1},"f":{"0":1},"b":{},"_coverageSchema":"332fd63041d2c1bcb487cc26dd0d5f7d97098a6c","hash":"139c61383ccf727e7ec04acfdbfdb12acc90e0bb"}
,"D:\\Programming\\ultimate-todo-list\\Part3-Realtime App\\src\\components\\InitializeApp.js": {"path":"D:\\Programming\\ultimate-todo-list\\Part3-Realtime App\\src\\components\\InitializeApp.js","statementMap":{"0":{"start":{"line":1,"column":13},"end":{"line":1,"column":75}},"1":{"start":{"line":1,"column":94},"end":{"line":1,"column":186}},"2":{"start":{"line":1,"column":200},"end":{"line":1,"column":216}},"3":{"start":{"line":1,"column":231},"end":{"line":1,"column":261}},"4":{"start":{"line":2,"column":18},"end":{"line":2,"column":40}},"5":{"start":{"line":2,"column":79},"end":{"line":2,"column":133}},"6":{"start":{"line":6,"column":78},"end":{"line":13,"column":11}},"7":{"start":{"line":9,"column":14},"end":{"line":9,"column":33}},"8":{"start":{"line":11,"column":3},"end":{"line":11,"column":47}},"9":{"start":{"line":11,"column":20},"end":{"line":11,"column":40}},"10":{"start":{"line":15,"column":2},"end":{"line":15,"column":137}},"11":{"start":{"line":16,"column":3},"end":{"line":19,"column":42}}},"fnMap":{"0":{"name":"_interopRequireDefault","decl":{"start":{"line":2,"column":50},"end":{"line":2,"column":72}},"loc":{"start":{"line":2,"column":78},"end":{"line":2,"column":134}},"line":2},"1":{"name":"(anonymous_1)","decl":{"start":{"line":6,"column":46},"end":{"line":6,"column":47}},"loc":{"start":{"line":6,"column":67},"end":{"line":13,"column":12}},"line":6},"2":{"name":"(anonymous_2)","decl":{"start":{"line":8,"column":22},"end":{"line":8,"column":23}},"loc":{"start":{"line":8,"column":28},"end":{"line":13,"column":3}},"line":8},"3":{"name":"(anonymous_3)","decl":{"start":{"line":11,"column":14},"end":{"line":11,"column":15}},"loc":{"start":{"line":11,"column":20},"end":{"line":11,"column":40}},"line":11},"4":{"name":"(anonymous_4)","decl":{"start":{"line":14,"column":1},"end":{"line":14,"column":2}},"loc":{"start":{"line":14,"column":10},"end":{"line":16,"column":2}},"line":14}},"branchMap":{"0":{"loc":{"start":{"line":2,"column":86},"end":{"line":2,"column":132}},"type":"cond-expr","locations":[{"start":{"line":2,"column":110},"end":{"line":2,"column":113}},{"start":{"line":2,"column":116},"end":{"line":2,"column":132}}],"line":2},"1":{"loc":{"start":{"line":2,"column":86},"end":{"line":2,"column":107}},"type":"binary-expr","locations":[{"start":{"line":2,"column":86},"end":{"line":2,"column":89}},{"start":{"line":2,"column":93},"end":{"line":2,"column":107}}],"line":2}},"s":{"0":0,"1":0,"2":0,"3":0,"4":0,"5":0,"6":0,"7":0,"8":0,"9":0,"10":0,"11":0},"f":{"0":0,"1":0,"2":0,"3":0,"4":0},"b":{"0":[0,0],"1":[0,0]}}
,"D:\\Programming\\ultimate-todo-list\\Part3-Realtime App\\src\\components\\MobileOnly.js": {"path":"D:\\Programming\\ultimate-todo-list\\Part3-Realtime App\\src\\components\\MobileOnly.js","statementMap":{"0":{"start":{"line":1,"column":13},"end":{"line":1,"column":75}},"1":{"start":{"line":1,"column":94},"end":{"line":1,"column":183}},"2":{"start":{"line":1,"column":197},"end":{"line":1,"column":213}},"3":{"start":{"line":1,"column":228},"end":{"line":1,"column":258}},"4":{"start":{"line":2,"column":14},"end":{"line":2,"column":37}},"5":{"start":{"line":2,"column":53},"end":{"line":2,"column":84}},"6":{"start":{"line":2,"column":123},"end":{"line":2,"column":177}},"7":{"start":{"line":4,"column":19},"end":{"line":26,"column":1}},"8":{"start":{"line":6,"column":17},"end":{"line":6,"column":41}},"9":{"start":{"line":8,"column":4},"end":{"line":21,"column":207}},"10":{"start":{"line":26,"column":2},"end":{"line":28,"column":11}}},"fnMap":{"0":{"name":"_interopRequireDefault","decl":{"start":{"line":2,"column":94},"end":{"line":2,"column":116}},"loc":{"start":{"line":2,"column":122},"end":{"line":2,"column":178}},"line":2},"1":{"name":"(anonymous_1)","decl":{"start":{"line":4,"column":19},"end":{"line":4,"column":20}},"loc":{"start":{"line":4,"column":28},"end":{"line":26,"column":1}},"line":4}},"branchMap":{"0":{"loc":{"start":{"line":2,"column":130},"end":{"line":2,"column":176}},"type":"cond-expr","locations":[{"start":{"line":2,"column":154},"end":{"line":2,"column":157}},{"start":{"line":2,"column":160},"end":{"line":2,"column":176}}],"line":2},"1":{"loc":{"start":{"line":2,"column":130},"end":{"line":2,"column":151}},"type":"binary-expr","locations":[{"start":{"line":2,"column":130},"end":{"line":2,"column":133}},{"start":{"line":2,"column":137},"end":{"line":2,"column":151}}],"line":2}},"s":{"0":0,"1":0,"2":0,"3":0,"4":0,"5":0,"6":0,"7":0,"8":0,"9":0,"10":0},"f":{"0":0,"1":0},"b":{"0":[0,0],"1":[0,0]}}
,"D:\\Programming\\ultimate-todo-list\\Part3-Realtime App\\src\\components\\Routes.js": {"path":"D:\\Programming\\ultimate-todo-list\\Part3-Realtime App\\src\\components\\Routes.js","statementMap":{"0":{"start":{"line":1,"column":13},"end":{"line":1,"column":75}},"1":{"start":{"line":1,"column":94},"end":{"line":1,"column":179}},"2":{"start":{"line":1,"column":193},"end":{"line":1,"column":209}},"3":{"start":{"line":1,"column":224},"end":{"line":1,"column":254}},"4":{"start":{"line":2,"column":22},"end":{"line":2,"column":49}},"5":{"start":{"line":3,"column":19},"end":{"line":3,"column":43}},"6":{"start":{"line":3,"column":64},"end":{"line":3,"column":100}},"7":{"start":{"line":4,"column":17},"end":{"line":4,"column":39}},"8":{"start":{"line":4,"column":58},"end":{"line":4,"column":92}},"9":{"start":{"line":5,"column":20},"end":{"line":5,"column":45}},"10":{"start":{"line":5,"column":67},"end":{"line":5,"column":104}},"11":{"start":{"line":5,"column":143},"end":{"line":5,"column":197}},"12":{"start":{"line":11,"column":2},"end":{"line":16,"column":200}},"13":{"start":{"line":20,"column":3},"end":{"line":24,"column":7}}},"fnMap":{"0":{"name":"_interopRequireDefault","decl":{"start":{"line":5,"column":114},"end":{"line":5,"column":136}},"loc":{"start":{"line":5,"column":142},"end":{"line":5,"column":198}},"line":5},"1":{"name":"(anonymous_1)","decl":{"start":{"line":10,"column":1},"end":{"line":10,"column":2}},"loc":{"start":{"line":10,"column":10},"end":{"line":20,"column":2}},"line":10}},"branchMap":{"0":{"loc":{"start":{"line":5,"column":150},"end":{"line":5,"column":196}},"type":"cond-expr","locations":[{"start":{"line":5,"column":174},"end":{"line":5,"column":177}},{"start":{"line":5,"column":180},"end":{"line":5,"column":196}}],"line":5},"1":{"loc":{"start":{"line":5,"column":150},"end":{"line":5,"column":171}},"type":"binary-expr","locations":[{"start":{"line":5,"column":150},"end":{"line":5,"column":153}},{"start":{"line":5,"column":157},"end":{"line":5,"column":171}}],"line":5}},"s":{"0":0,"1":0,"2":0,"3":0,"4":0,"5":0,"6":0,"7":0,"8":0,"9":0,"10":0,"11":0,"12":0,"13":0},"f":{"0":0,"1":0},"b":{"0":[0,0],"1":[0,0]}}
,"D:\\Programming\\ultimate-todo-list\\Part3-Realtime App\\src\\components\\Section.js": {"path":"D:\\Programming\\ultimate-todo-list\\Part3-Realtime App\\src\\components\\Section.js","statementMap":{"0":{"start":{"line":9,"column":8},"end":{"line":20,"column":9}}},"fnMap":{"0":{"name":"(anonymous_0)","decl":{"start":{"line":8,"column":4},"end":{"line":8,"column":5}},"loc":{"start":{"line":8,"column":13},"end":{"line":21,"column":5}},"line":8}},"branchMap":{},"s":{"0":1},"f":{"0":1},"b":{},"_coverageSchema":"332fd63041d2c1bcb487cc26dd0d5f7d97098a6c","hash":"96a1525a62136530708d76a23c1fb704ea79991d"}
,"D:\\Programming\\ultimate-todo-list\\Part3-Realtime App\\src\\components\\SideNave.js": {"path":"D:\\Programming\\ultimate-todo-list\\Part3-Realtime App\\src\\components\\SideNave.js","statementMap":{"0":{"start":{"line":11,"column":19},"end":{"line":11,"column":56}},"1":{"start":{"line":12,"column":8},"end":{"line":12,"column":45}},"2":{"start":{"line":17,"column":8},"end":{"line":46,"column":9}}},"fnMap":{"0":{"name":"(anonymous_0)","decl":{"start":{"line":10,"column":4},"end":{"line":10,"column":5}},"loc":{"start":{"line":10,"column":24},"end":{"line":13,"column":5}},"line":10},"1":{"name":"(anonymous_1)","decl":{"start":{"line":15,"column":4},"end":{"line":15,"column":5}},"loc":{"start":{"line":15,"column":13},"end":{"line":47,"column":5}},"line":15}},"branchMap":{},"s":{"0":0,"1":0,"2":1},"f":{"0":0,"1":1},"b":{},"_coverageSchema":"332fd63041d2c1bcb487cc26dd0d5f7d97098a6c","hash":"c2b78129e1265cafb538376b3a1da2ab4334a843"}
,"D:\\Programming\\ultimate-todo-list\\Part3-Realtime App\\src\\components\\TodoForm.js": {"path":"D:\\Programming\\ultimate-todo-list\\Part3-Realtime App\\src\\components\\TodoForm.js","statementMap":{"0":{"start":{"line":16,"column":23},"end":{"line":16,"column":37}},"1":{"start":{"line":17,"column":22},"end":{"line":17,"column":35}},"2":{"start":{"line":18,"column":8},"end":{"line":18,"column":54}},"3":{"start":{"line":18,"column":29},"end":{"line":18,"column":52}},"4":{"start":{"line":22,"column":8},"end":{"line":22,"column":27}},"5":{"start":{"line":23,"column":8},"end":{"line":45,"column":9}},"6":{"start":{"line":26,"column":12},"end":{"line":26,"column":65}},"7":{"start":{"line":30,"column":8},"end":{"line":35,"column":10}},"8":{"start":{"line":37,"column":8},"end":{"line":44,"column":9}},"9":{"start":{"line":38,"column":12},"end":{"line":43,"column":13}},"10":{"start":{"line":50,"column":8},"end":{"line":97,"column":10}}},"fnMap":{"0":{"name":"(anonymous_0)","decl":{"start":{"line":15,"column":20},"end":{"line":15,"column":21}},"loc":{"start":{"line":15,"column":27},"end":{"line":19,"column":5}},"line":15},"1":{"name":"(anonymous_1)","decl":{"start":{"line":18,"column":22},"end":{"line":18,"column":23}},"loc":{"start":{"line":18,"column":29},"end":{"line":18,"column":52}},"line":18},"2":{"name":"(anonymous_2)","decl":{"start":{"line":21,"column":19},"end":{"line":21,"column":20}},"loc":{"start":{"line":21,"column":26},"end":{"line":46,"column":5}},"line":21},"3":{"name":"(anonymous_3)","decl":{"start":{"line":37,"column":22},"end":{"line":37,"column":23}},"loc":{"start":{"line":38,"column":12},"end":{"line":43,"column":13}},"line":38},"4":{"name":"(anonymous_4)","decl":{"start":{"line":49,"column":4},"end":{"line":49,"column":5}},"loc":{"start":{"line":49,"column":13},"end":{"line":98,"column":5}},"line":49}},"branchMap":{"0":{"loc":{"start":{"line":7,"column":15},"end":{"line":7,"column":59}},"type":"cond-expr","locations":[{"start":{"line":7,"column":33},"end":{"line":7,"column":54}},{"start":{"line":7,"column":57},"end":{"line":7,"column":59}}],"line":7},"1":{"loc":{"start":{"line":8,"column":18},"end":{"line":8,"column":65}},"type":"cond-expr","locations":[{"start":{"line":8,"column":36},"end":{"line":8,"column":60}},{"start":{"line":8,"column":63},"end":{"line":8,"column":65}}],"line":8},"2":{"loc":{"start":{"line":9,"column":21},"end":{"line":9,"column":71}},"type":"cond-expr","locations":[{"start":{"line":9,"column":39},"end":{"line":9,"column":66}},{"start":{"line":9,"column":69},"end":{"line":9,"column":71}}],"line":9},"3":{"loc":{"start":{"line":23,"column":8},"end":{"line":45,"column":9}},"type":"if","locations":[{"start":{"line":23,"column":8},"end":{"line":45,"column":9}},{"start":{"line":23,"column":8},"end":{"line":45,"column":9}}],"line":23},"4":{"loc":{"start":{"line":23,"column":12},"end":{"line":23,"column":80}},"type":"binary-expr","locations":[{"start":{"line":23,"column":12},"end":{"line":23,"column":29}},{"start":{"line":23,"column":33},"end":{"line":23,"column":53}},{"start":{"line":23,"column":57},"end":{"line":23,"column":80}}],"line":23},"5":{"loc":{"start":{"line":59,"column":66},"end":{"line":59,"column":118}},"type":"cond-expr","locations":[{"start":{"line":59,"column":84},"end":{"line":59,"column":103}},{"start":{"line":59,"column":106},"end":{"line":59,"column":118}}],"line":59},"6":{"loc":{"start":{"line":69,"column":69},"end":{"line":69,"column":121}},"type":"cond-expr","locations":[{"start":{"line":69,"column":87},"end":{"line":69,"column":106}},{"start":{"line":69,"column":109},"end":{"line":69,"column":121}}],"line":69},"7":{"loc":{"start":{"line":79,"column":72},"end":{"line":79,"column":124}},"type":"cond-expr","locations":[{"start":{"line":79,"column":90},"end":{"line":79,"column":109}},{"start":{"line":79,"column":112},"end":{"line":79,"column":124}}],"line":79},"8":{"loc":{"start":{"line":88,"column":37},"end":{"line":88,"column":82}},"type":"cond-expr","locations":[{"start":{"line":88,"column":55},"end":{"line":88,"column":63}},{"start":{"line":88,"column":66},"end":{"line":88,"column":82}}],"line":88}},"s":{"0":0,"1":0,"2":0,"3":0,"4":0,"5":0,"6":0,"7":0,"8":0,"9":0,"10":1},"f":{"0":0,"1":0,"2":0,"3":0,"4":1},"b":{"0":[0,1],"1":[0,1],"2":[0,1],"3":[0,0],"4":[0,0,0],"5":[0,1],"6":[0,1],"7":[0,1],"8":[0,1]},"_coverageSchema":"332fd63041d2c1bcb487cc26dd0d5f7d97098a6c","hash":"427762dc0d592f82ab5aeac1cdfa0ff7177dcf80"}
,"D:\\Programming\\ultimate-todo-list\\Part3-Realtime App\\src\\components\\TodoList.js": {"path":"D:\\Programming\\ultimate-todo-list\\Part3-Realtime App\\src\\components\\TodoList.js","statementMap":{"0":{"start":{"line":10,"column":8},"end":{"line":10,"column":29}},"1":{"start":{"line":14,"column":8},"end":{"line":14,"column":34}},"2":{"start":{"line":19,"column":21},"end":{"line":19,"column":43}},"3":{"start":{"line":20,"column":8},"end":{"line":30,"column":10}},"4":{"start":{"line":25,"column":24},"end":{"line":25,"column":151}},"5":{"start":{"line":34,"column":24},"end":{"line":36,"column":2}},"6":{"start":{"line":34,"column":36},"end":{"line":36,"column":1}}},"fnMap":{"0":{"name":"(anonymous_0)","decl":{"start":{"line":9,"column":4},"end":{"line":9,"column":5}},"loc":{"start":{"line":9,"column":24},"end":{"line":11,"column":5}},"line":9},"1":{"name":"(anonymous_1)","decl":{"start":{"line":13,"column":15},"end":{"line":13,"column":16}},"loc":{"start":{"line":13,"column":21},"end":{"line":15,"column":5}},"line":13},"2":{"name":"(anonymous_2)","decl":{"start":{"line":17,"column":4},"end":{"line":17,"column":5}},"loc":{"start":{"line":17,"column":13},"end":{"line":31,"column":5}},"line":17},"3":{"name":"(anonymous_3)","decl":{"start":{"line":24,"column":55},"end":{"line":24,"column":56}},"loc":{"start":{"line":25,"column":24},"end":{"line":25,"column":151}},"line":25},"4":{"name":"(anonymous_4)","decl":{"start":{"line":34,"column":24},"end":{"line":34,"column":25}},"loc":{"start":{"line":34,"column":36},"end":{"line":36,"column":1}},"line":34}},"branchMap":{"0":{"loc":{"start":{"line":24,"column":20},"end":{"line":26,"column":26}},"type":"cond-expr","locations":[{"start":{"line":24,"column":46},"end":{"line":26,"column":21}},{"start":{"line":26,"column":24},"end":{"line":26,"column":26}}],"line":24},"1":{"loc":{"start":{"line":24,"column":20},"end":{"line":24,"column":43}},"type":"binary-expr","locations":[{"start":{"line":24,"column":20},"end":{"line":24,"column":24}},{"start":{"line":24,"column":28},"end":{"line":24,"column":43}}],"line":24}},"s":{"0":0,"1":0,"2":0,"3":0,"4":0,"5":4,"6":0},"f":{"0":0,"1":0,"2":0,"3":0,"4":0},"b":{"0":[0,0],"1":[0,0]},"_coverageSchema":"332fd63041d2c1bcb487cc26dd0d5f7d97098a6c","hash":"59967d9ee767a12f6078c6cb80965d0ebf7d9b41"}
,"D:\\Programming\\ultimate-todo-list\\Part3-Realtime App\\src\\components\\TodoListItem.js": {"path":"D:\\Programming\\ultimate-todo-list\\Part3-Realtime App\\src\\components\\TodoListItem.js","statementMap":{"0":{"start":{"line":10,"column":20},"end":{"line":10,"column":55}},"1":{"start":{"line":11,"column":8},"end":{"line":11,"column":44}},"2":{"start":{"line":16,"column":8},"end":{"line":16,"column":81}},"3":{"start":{"line":21,"column":8},"end":{"line":55,"column":9}},"4":{"start":{"line":50,"column":79},"end":{"line":50,"column":118}}},"fnMap":{"0":{"name":"(anonymous_0)","decl":{"start":{"line":8,"column":4},"end":{"line":8,"column":5}},"loc":{"start":{"line":8,"column":24},"end":{"line":13,"column":5}},"line":8},"1":{"name":"(anonymous_1)","decl":{"start":{"line":14,"column":19},"end":{"line":14,"column":20}},"loc":{"start":{"line":14,"column":25},"end":{"line":17,"column":5}},"line":14},"2":{"name":"(anonymous_2)","decl":{"start":{"line":19,"column":4},"end":{"line":19,"column":5}},"loc":{"start":{"line":19,"column":13},"end":{"line":56,"column":5}},"line":19},"3":{"name":"(anonymous_3)","decl":{"start":{"line":50,"column":73},"end":{"line":50,"column":74}},"loc":{"start":{"line":50,"column":79},"end":{"line":50,"column":118}},"line":50}},"branchMap":{"0":{"loc":{"start":{"line":34,"column":34},"end":{"line":37,"column":80}},"type":"cond-expr","locations":[{"start":{"line":35,"column":24},"end":{"line":35,"column":82}},{"start":{"line":37,"column":26},"end":{"line":37,"column":80}}],"line":34}},"s":{"0":0,"1":0,"2":0,"3":0,"4":0},"f":{"0":0,"1":0,"2":0,"3":0},"b":{"0":[0,0]},"_coverageSchema":"332fd63041d2c1bcb487cc26dd0d5f7d97098a6c","hash":"7bcd95e09552219be266d16f45abd1bf29a1f47b"}
,"D:\\Programming\\ultimate-todo-list\\Part3-Realtime App\\src\\components\\modelData.js": {"path":"D:\\Programming\\ultimate-todo-list\\Part3-Realtime App\\src\\components\\modelData.js","statementMap":{"0":{"start":{"line":3,"column":14},"end":{"line":17,"column":1}},"1":{"start":{"line":4,"column":4},"end":{"line":16,"column":5}}},"fnMap":{"0":{"name":"(anonymous_0)","decl":{"start":{"line":3,"column":14},"end":{"line":3,"column":15}},"loc":{"start":{"line":3,"column":25},"end":{"line":17,"column":1}},"line":3}},"branchMap":{},"s":{"0":4,"1":0},"f":{"0":0},"b":{},"_coverageSchema":"332fd63041d2c1bcb487cc26dd0d5f7d97098a6c","hash":"82451be4331fc7250f27a5e93f4a56a78e17a2d2"}
,"D:\\Programming\\ultimate-todo-list\\Part3-Realtime App\\src\\components\\widgets\\Preloader.js": {"path":"D:\\Programming\\ultimate-todo-list\\Part3-Realtime App\\src\\components\\widgets\\Preloader.js","statementMap":{"0":{"start":{"line":1,"column":13},"end":{"line":1,"column":75}},"1":{"start":{"line":1,"column":94},"end":{"line":1,"column":191}},"2":{"start":{"line":1,"column":205},"end":{"line":1,"column":221}},"3":{"start":{"line":1,"column":236},"end":{"line":1,"column":266}},"4":{"start":{"line":1,"column":305},"end":{"line":1,"column":359}},"5":{"start":{"line":3,"column":18},"end":{"line":12,"column":1}},"6":{"start":{"line":5,"column":4},"end":{"line":5,"column":27}},"7":{"start":{"line":7,"column":4},"end":{"line":9,"column":164}},"8":{"start":{"line":12,"column":2},"end":{"line":14,"column":10}}},"fnMap":{"0":{"name":"_interopRequireDefault","decl":{"start":{"line":1,"column":276},"end":{"line":1,"column":298}},"loc":{"start":{"line":1,"column":304},"end":{"line":1,"column":360}},"line":1},"1":{"name":"(anonymous_1)","decl":{"start":{"line":3,"column":18},"end":{"line":3,"column":19}},"loc":{"start":{"line":3,"column":40},"end":{"line":12,"column":1}},"line":3}},"branchMap":{"0":{"loc":{"start":{"line":1,"column":312},"end":{"line":1,"column":358}},"type":"cond-expr","locations":[{"start":{"line":1,"column":336},"end":{"line":1,"column":339}},{"start":{"line":1,"column":342},"end":{"line":1,"column":358}}],"line":1},"1":{"loc":{"start":{"line":1,"column":312},"end":{"line":1,"column":333}},"type":"binary-expr","locations":[{"start":{"line":1,"column":312},"end":{"line":1,"column":315}},{"start":{"line":1,"column":319},"end":{"line":1,"column":333}}],"line":1},"2":{"loc":{"start":{"line":5,"column":12},"end":{"line":5,"column":26}},"type":"binary-expr","locations":[{"start":{"line":5,"column":12},"end":{"line":5,"column":17}},{"start":{"line":5,"column":21},"end":{"line":5,"column":26}}],"line":5}},"s":{"0":0,"1":0,"2":0,"3":0,"4":0,"5":0,"6":0,"7":0,"8":0},"f":{"0":0,"1":0},"b":{"0":[0,0],"1":[0,0],"2":[0,0]}}
,"D:\\Programming\\ultimate-todo-list\\Part3-Realtime App\\src\\components\\widgets\\ProgressBar.js": {"path":"D:\\Programming\\ultimate-todo-list\\Part3-Realtime App\\src\\components\\widgets\\ProgressBar.js","statementMap":{"0":{"start":{"line":1,"column":13},"end":{"line":1,"column":75}},"1":{"start":{"line":1,"column":94},"end":{"line":1,"column":193}},"2":{"start":{"line":1,"column":207},"end":{"line":1,"column":223}},"3":{"start":{"line":1,"column":238},"end":{"line":1,"column":268}},"4":{"start":{"line":1,"column":307},"end":{"line":1,"column":361}},"5":{"start":{"line":3,"column":20},"end":{"line":13,"column":1}},"6":{"start":{"line":5,"column":4},"end":{"line":5,"column":27}},"7":{"start":{"line":6,"column":4},"end":{"line":6,"column":28}},"8":{"start":{"line":8,"column":4},"end":{"line":10,"column":196}},"9":{"start":{"line":13,"column":2},"end":{"line":15,"column":12}}},"fnMap":{"0":{"name":"_interopRequireDefault","decl":{"start":{"line":1,"column":278},"end":{"line":1,"column":300}},"loc":{"start":{"line":1,"column":306},"end":{"line":1,"column":362}},"line":1},"1":{"name":"(anonymous_1)","decl":{"start":{"line":3,"column":20},"end":{"line":3,"column":21}},"loc":{"start":{"line":3,"column":44},"end":{"line":13,"column":1}},"line":3}},"branchMap":{"0":{"loc":{"start":{"line":1,"column":314},"end":{"line":1,"column":360}},"type":"cond-expr","locations":[{"start":{"line":1,"column":338},"end":{"line":1,"column":341}},{"start":{"line":1,"column":344},"end":{"line":1,"column":360}}],"line":1},"1":{"loc":{"start":{"line":1,"column":314},"end":{"line":1,"column":335}},"type":"binary-expr","locations":[{"start":{"line":1,"column":314},"end":{"line":1,"column":317}},{"start":{"line":1,"column":321},"end":{"line":1,"column":335}}],"line":1},"2":{"loc":{"start":{"line":5,"column":12},"end":{"line":5,"column":26}},"type":"binary-expr","locations":[{"start":{"line":5,"column":12},"end":{"line":5,"column":17}},{"start":{"line":5,"column":21},"end":{"line":5,"column":26}}],"line":5},"3":{"loc":{"start":{"line":6,"column":14},"end":{"line":6,"column":27}},"type":"binary-expr","locations":[{"start":{"line":6,"column":14},"end":{"line":6,"column":21}},{"start":{"line":6,"column":25},"end":{"line":6,"column":27}}],"line":6}},"s":{"0":0,"1":0,"2":0,"3":0,"4":0,"5":0,"6":0,"7":0,"8":0,"9":0},"f":{"0":0,"1":0},"b":{"0":[0,0],"1":[0,0],"2":[0,0],"3":[0,0]}}
,"D:\\Programming\\ultimate-todo-list\\Part3-Realtime App\\src\\components\\widgets\\Spinner.js": {"path":"D:\\Programming\\ultimate-todo-list\\Part3-Realtime App\\src\\components\\widgets\\Spinner.js","statementMap":{"0":{"start":{"line":1,"column":13},"end":{"line":1,"column":75}},"1":{"start":{"line":1,"column":94},"end":{"line":1,"column":189}},"2":{"start":{"line":1,"column":203},"end":{"line":1,"column":219}},"3":{"start":{"line":1,"column":234},"end":{"line":1,"column":264}},"4":{"start":{"line":1,"column":303},"end":{"line":1,"column":357}},"5":{"start":{"line":3,"column":16},"end":{"line":21,"column":1}},"6":{"start":{"line":5,"column":4},"end":{"line":5,"column":22}},"7":{"start":{"line":6,"column":4},"end":{"line":6,"column":27}},"8":{"start":{"line":8,"column":4},"end":{"line":16,"column":159}},"9":{"start":{"line":21,"column":2},"end":{"line":23,"column":8}}},"fnMap":{"0":{"name":"_interopRequireDefault","decl":{"start":{"line":1,"column":274},"end":{"line":1,"column":296}},"loc":{"start":{"line":1,"column":302},"end":{"line":1,"column":358}},"line":1},"1":{"name":"(anonymous_1)","decl":{"start":{"line":3,"column":16},"end":{"line":3,"column":17}},"loc":{"start":{"line":3,"column":37},"end":{"line":21,"column":1}},"line":3}},"branchMap":{"0":{"loc":{"start":{"line":1,"column":310},"end":{"line":1,"column":356}},"type":"cond-expr","locations":[{"start":{"line":1,"column":334},"end":{"line":1,"column":337}},{"start":{"line":1,"column":340},"end":{"line":1,"column":356}}],"line":1},"1":{"loc":{"start":{"line":1,"column":310},"end":{"line":1,"column":331}},"type":"binary-expr","locations":[{"start":{"line":1,"column":310},"end":{"line":1,"column":313}},{"start":{"line":1,"column":317},"end":{"line":1,"column":331}}],"line":1},"2":{"loc":{"start":{"line":5,"column":11},"end":{"line":5,"column":21}},"type":"binary-expr","locations":[{"start":{"line":5,"column":11},"end":{"line":5,"column":15}},{"start":{"line":5,"column":19},"end":{"line":5,"column":21}}],"line":5},"3":{"loc":{"start":{"line":6,"column":12},"end":{"line":6,"column":26}},"type":"binary-expr","locations":[{"start":{"line":6,"column":12},"end":{"line":6,"column":17}},{"start":{"line":6,"column":21},"end":{"line":6,"column":26}}],"line":6}},"s":{"0":0,"1":0,"2":0,"3":0,"4":0,"5":0,"6":0,"7":0,"8":0,"9":0},"f":{"0":0,"1":0},"b":{"0":[0,0],"1":[0,0],"2":[0,0],"3":[0,0]}}
,"D:\\Programming\\ultimate-todo-list\\Part3-Realtime App\\src\\config\\axios.js": {"path":"D:\\Programming\\ultimate-todo-list\\Part3-Realtime App\\src\\config\\axios.js","statementMap":{"0":{"start":{"line":1,"column":26},"end":{"line":1,"column":42}},"1":{"start":{"line":1,"column":57},"end":{"line":1,"column":87}},"2":{"start":{"line":1,"column":126},"end":{"line":1,"column":180}},"3":{"start":{"line":7,"column":0},"end":{"line":8,"column":48}},"4":{"start":{"line":8,"column":0},"end":{"line":8,"column":48}}},"fnMap":{"0":{"name":"_interopRequireDefault","decl":{"start":{"line":1,"column":97},"end":{"line":1,"column":119}},"loc":{"start":{"line":1,"column":125},"end":{"line":1,"column":181}},"line":1}},"branchMap":{"0":{"loc":{"start":{"line":1,"column":133},"end":{"line":1,"column":179}},"type":"cond-expr","locations":[{"start":{"line":1,"column":157},"end":{"line":1,"column":160}},{"start":{"line":1,"column":163},"end":{"line":1,"column":179}}],"line":1},"1":{"loc":{"start":{"line":1,"column":133},"end":{"line":1,"column":154}},"type":"binary-expr","locations":[{"start":{"line":1,"column":133},"end":{"line":1,"column":136}},{"start":{"line":1,"column":140},"end":{"line":1,"column":154}}],"line":1},"2":{"loc":{"start":{"line":7,"column":0},"end":{"line":8,"column":48}},"type":"if","locations":[{"start":{"line":7,"column":0},"end":{"line":8,"column":48}},{"start":{"line":7,"column":0},"end":{"line":8,"column":48}}],"line":7}},"s":{"0":0,"1":0,"2":0,"3":0,"4":0},"f":{"0":0},"b":{"0":[0,0],"1":[0,0],"2":[0,0]}}
,"D:\\Programming\\ultimate-todo-list\\Part3-Realtime App\\src\\config\\db.js": {"path":"D:\\Programming\\ultimate-todo-list\\Part3-Realtime App\\src\\config\\db.js","statementMap":{"0":{"start":{"line":1,"column":13},"end":{"line":1,"column":75}},"1":{"start":{"line":1,"column":88},"end":{"line":1,"column":104}},"2":{"start":{"line":1,"column":119},"end":{"line":1,"column":149}},"3":{"start":{"line":1,"column":188},"end":{"line":1,"column":242}},"4":{"start":{"line":3,"column":11},"end":{"line":3,"column":39}},"5":{"start":{"line":4,"column":0},"end":{"line":4,"column":45}},"6":{"start":{"line":4,"column":45},"end":{"line":6,"column":3}}},"fnMap":{"0":{"name":"_interopRequireDefault","decl":{"start":{"line":1,"column":159},"end":{"line":1,"column":181}},"loc":{"start":{"line":1,"column":187},"end":{"line":1,"column":243}},"line":1}},"branchMap":{"0":{"loc":{"start":{"line":1,"column":195},"end":{"line":1,"column":241}},"type":"cond-expr","locations":[{"start":{"line":1,"column":219},"end":{"line":1,"column":222}},{"start":{"line":1,"column":225},"end":{"line":1,"column":241}}],"line":1},"1":{"loc":{"start":{"line":1,"column":195},"end":{"line":1,"column":216}},"type":"binary-expr","locations":[{"start":{"line":1,"column":195},"end":{"line":1,"column":198}},{"start":{"line":1,"column":202},"end":{"line":1,"column":216}}],"line":1}},"s":{"0":0,"1":0,"2":0,"3":0,"4":0,"5":0,"6":0},"f":{"0":0},"b":{"0":[0,0],"1":[0,0]}}
,"D:\\Programming\\ultimate-todo-list\\Part3-Realtime App\\src\\config\\firebase.js": {"path":"D:\\Programming\\ultimate-todo-list\\Part3-Realtime App\\src\\config\\firebase.js","statementMap":{"0":{"start":{"line":3,"column":0},"end":{"line":3,"column":30}},"1":{"start":{"line":5,"column":23},"end":{"line":12,"column":1}},"2":{"start":{"line":13,"column":0},"end":{"line":13,"column":39}},"3":{"start":{"line":21,"column":11},"end":{"line":21,"column":31}},"4":{"start":{"line":23,"column":0},"end":{"line":23,"column":42}}},"fnMap":{},"branchMap":{},"s":{"0":7,"1":7,"2":7,"3":7,"4":7},"f":{},"b":{},"_coverageSchema":"332fd63041d2c1bcb487cc26dd0d5f7d97098a6c","hash":"d16c649f28d352d4096e3f3a3fe552e3d1bb4895"}
,"D:\\Programming\\ultimate-todo-list\\Part3-Realtime App\\src\\config\\fontawesome.js": {"path":"D:\\Programming\\ultimate-todo-list\\Part3-Realtime App\\src\\config\\fontawesome.js","statementMap":{"0":{"start":{"line":1,"column":39},"end":{"line":1,"column":83}},"1":{"start":{"line":4,"column":25},"end":{"line":4,"column":69}},"2":{"start":{"line":6,"column":0},"end":{"line":6,"column":56}}},"fnMap":{},"branchMap":{},"s":{"0":0,"1":0,"2":0},"f":{},"b":{}}
,"D:\\Programming\\ultimate-todo-list\\Part3-Realtime App\\src\\config\\global.js": {"path":"D:\\Programming\\ultimate-todo-list\\Part3-Realtime App\\src\\config\\global.js","statementMap":{"0":{"start":{"line":5,"column":25},"end":{"line":5,"column":55}},"1":{"start":{"line":6,"column":22},"end":{"line":6,"column":75}},"2":{"start":{"line":6,"column":99},"end":{"line":6,"column":138}},"3":{"start":{"line":6,"column":177},"end":{"line":6,"column":231}},"4":{"start":{"line":9,"column":0},"end":{"line":9,"column":65}},"5":{"start":{"line":10,"column":0},"end":{"line":10,"column":46}},"6":{"start":{"line":11,"column":0},"end":{"line":11,"column":70}},"7":{"start":{"line":13,"column":0},"end":{"line":13,"column":59}},"8":{"start":{"line":13,"column":28},"end":{"line":13,"column":57}},"9":{"start":{"line":14,"column":0},"end":{"line":14,"column":65}},"10":{"start":{"line":14,"column":28},"end":{"line":14,"column":63}},"11":{"start":{"line":16,"column":0},"end":{"line":33,"column":2}},"12":{"start":{"line":19,"column":4},"end":{"line":28,"column":19}},"13":{"start":{"line":21,"column":12},"end":{"line":21,"column":30}},"14":{"start":{"line":22,"column":12},"end":{"line":22,"column":18}},"15":{"start":{"line":24,"column":12},"end":{"line":24,"column":28}},"16":{"start":{"line":25,"column":12},"end":{"line":25,"column":18}},"17":{"start":{"line":27,"column":12},"end":{"line":27,"column":30}},"18":{"start":{"line":28,"column":12},"end":{"line":28,"column":18}},"19":{"start":{"line":31,"column":4},"end":{"line":31,"column":72}}},"fnMap":{"0":{"name":"_interopRequireDefault","decl":{"start":{"line":6,"column":148},"end":{"line":6,"column":170}},"loc":{"start":{"line":6,"column":176},"end":{"line":6,"column":232}},"line":6},"1":{"name":"(anonymous_1)","decl":{"start":{"line":13,"column":21},"end":{"line":13,"column":22}},"loc":{"start":{"line":13,"column":27},"end":{"line":13,"column":58}},"line":13},"2":{"name":"(anonymous_2)","decl":{"start":{"line":14,"column":21},"end":{"line":14,"column":22}},"loc":{"start":{"line":14,"column":27},"end":{"line":14,"column":64}},"line":14},"3":{"name":"(anonymous_3)","decl":{"start":{"line":16,"column":16},"end":{"line":16,"column":17}},"loc":{"start":{"line":16,"column":45},"end":{"line":33,"column":1}},"line":16}},"branchMap":{"0":{"loc":{"start":{"line":6,"column":184},"end":{"line":6,"column":230}},"type":"cond-expr","locations":[{"start":{"line":6,"column":208},"end":{"line":6,"column":211}},{"start":{"line":6,"column":214},"end":{"line":6,"column":230}}],"line":6},"1":{"loc":{"start":{"line":6,"column":184},"end":{"line":6,"column":205}},"type":"binary-expr","locations":[{"start":{"line":6,"column":184},"end":{"line":6,"column":187}},{"start":{"line":6,"column":191},"end":{"line":6,"column":205}}],"line":6},"2":{"loc":{"start":{"line":11,"column":17},"end":{"line":11,"column":69}},"type":"cond-expr","locations":[{"start":{"line":11,"column":41},"end":{"line":11,"column":64}},{"start":{"line":11,"column":67},"end":{"line":11,"column":69}}],"line":11},"3":{"loc":{"start":{"line":16,"column":17},"end":{"line":16,"column":29}},"type":"default-arg","locations":[{"start":{"line":16,"column":27},"end":{"line":16,"column":29}}],"line":16},"4":{"loc":{"start":{"line":16,"column":31},"end":{"line":16,"column":40}},"type":"default-arg","locations":[{"start":{"line":16,"column":38},"end":{"line":16,"column":40}}],"line":16},"5":{"loc":{"start":{"line":19,"column":4},"end":{"line":28,"column":19}},"type":"switch","locations":[{"start":{"line":20,"column":8},"end":{"line":22,"column":18}},{"start":{"line":23,"column":8},"end":{"line":25,"column":18}},{"start":{"line":26,"column":8},"end":{"line":28,"column":18}}],"line":19}},"s":{"0":0,"1":0,"2":0,"3":0,"4":0,"5":0,"6":0,"7":0,"8":0,"9":0,"10":0,"11":0,"12":0,"13":0,"14":0,"15":0,"16":0,"17":0,"18":0,"19":0},"f":{"0":0,"1":0,"2":0,"3":0},"b":{"0":[0,0],"1":[0,0],"2":[0,0],"3":[0],"4":[0],"5":[0,0,0]}}
,"D:\\Programming\\ultimate-todo-list\\Part3-Realtime App\\src\\config\\store.js": {"path":"D:\\Programming\\ultimate-todo-list\\Part3-Realtime App\\src\\config\\store.js","statementMap":{"0":{"start":{"line":5,"column":25},"end":{"line":5,"column":79}},"1":{"start":{"line":7,"column":12},"end":{"line":10,"column":1}}},"fnMap":{},"branchMap":{"0":{"loc":{"start":{"line":5,"column":25},"end":{"line":5,"column":79}},"type":"binary-expr","locations":[{"start":{"line":5,"column":25},"end":{"line":5,"column":68}},{"start":{"line":5,"column":72},"end":{"line":5,"column":79}}],"line":5}},"s":{"0":3,"1":3},"f":{},"b":{"0":[3,3]},"_coverageSchema":"332fd63041d2c1bcb487cc26dd0d5f7d97098a6c","hash":"d919b0f52b6cc00d910254d1be7e7334aeba768b"}
,"D:\\Programming\\ultimate-todo-list\\Part3-Realtime App\\src\\functions\\static.js": {"path":"D:\\Programming\\ultimate-todo-list\\Part3-Realtime App\\src\\functions\\static.js","statementMap":{"0":{"start":{"line":1,"column":13},"end":{"line":1,"column":75}},"1":{"start":{"line":1,"column":107},"end":{"line":10,"column":1}},"2":{"start":{"line":3,"column":20},"end":{"line":3,"column":39}},"3":{"start":{"line":5,"column":17},"end":{"line":5,"column":90}},"4":{"start":{"line":6,"column":17},"end":{"line":6,"column":100}},"5":{"start":{"line":8,"column":4},"end":{"line":8,"column":29}},"6":{"start":{"line":12,"column":25},"end":{"line":21,"column":1}},"7":{"start":{"line":14,"column":20},"end":{"line":14,"column":37}},"8":{"start":{"line":16,"column":17},"end":{"line":16,"column":90}},"9":{"start":{"line":17,"column":17},"end":{"line":17,"column":100}},"10":{"start":{"line":19,"column":4},"end":{"line":19,"column":29}},"11":{"start":{"line":23,"column":21},"end":{"line":30,"column":1}},"12":{"start":{"line":25,"column":20},"end":{"line":25,"column":37}},"13":{"start":{"line":27,"column":17},"end":{"line":27,"column":90}},"14":{"start":{"line":29,"column":4},"end":{"line":29,"column":16}},"15":{"start":{"line":32,"column":25},"end":{"line":34,"column":1}},"16":{"start":{"line":33,"column":4},"end":{"line":33,"column":72}},"17":{"start":{"line":36,"column":29},"end":{"line":71,"column":1}},"18":{"start":{"line":47,"column":4},"end":{"line":67,"column":5}},"19":{"start":{"line":49,"column":8},"end":{"line":49,"column":46}},"20":{"start":{"line":51,"column":11},"end":{"line":67,"column":5}},"21":{"start":{"line":53,"column":8},"end":{"line":53,"column":75}},"22":{"start":{"line":57,"column":8},"end":{"line":64,"column":23}},"23":{"start":{"line":60,"column":16},"end":{"line":60,"column":51}},"24":{"start":{"line":61,"column":16},"end":{"line":61,"column":22}},"25":{"start":{"line":63,"column":16},"end":{"line":63,"column":83}},"26":{"start":{"line":64,"column":16},"end":{"line":64,"column":22}},"27":{"start":{"line":69,"column":4},"end":{"line":69,"column":24}}},"fnMap":{"0":{"name":"(anonymous_0)","decl":{"start":{"line":1,"column":141},"end":{"line":1,"column":142}},"loc":{"start":{"line":1,"column":154},"end":{"line":10,"column":1}},"line":1},"1":{"name":"(anonymous_1)","decl":{"start":{"line":12,"column":52},"end":{"line":12,"column":53}},"loc":{"start":{"line":12,"column":63},"end":{"line":21,"column":1}},"line":12},"2":{"name":"(anonymous_2)","decl":{"start":{"line":23,"column":44},"end":{"line":23,"column":45}},"loc":{"start":{"line":23,"column":55},"end":{"line":30,"column":1}},"line":23},"3":{"name":"(anonymous_3)","decl":{"start":{"line":32,"column":52},"end":{"line":32,"column":53}},"loc":{"start":{"line":32,"column":59},"end":{"line":34,"column":1}},"line":32},"4":{"name":"(anonymous_4)","decl":{"start":{"line":36,"column":60},"end":{"line":36,"column":61}},"loc":{"start":{"line":36,"column":69},"end":{"line":71,"column":1}},"line":36}},"branchMap":{"0":{"loc":{"start":{"line":47,"column":4},"end":{"line":67,"column":5}},"type":"if","locations":[{"start":{"line":47,"column":4},"end":{"line":67,"column":5}},{"start":{"line":47,"column":4},"end":{"line":67,"column":5}}],"line":47},"1":{"loc":{"start":{"line":51,"column":11},"end":{"line":67,"column":5}},"type":"if","locations":[{"start":{"line":51,"column":11},"end":{"line":67,"column":5}},{"start":{"line":51,"column":11},"end":{"line":67,"column":5}}],"line":51},"2":{"loc":{"start":{"line":57,"column":8},"end":{"line":64,"column":23}},"type":"switch","locations":[{"start":{"line":59,"column":12},"end":{"line":61,"column":22}},{"start":{"line":62,"column":12},"end":{"line":64,"column":22}}],"line":57}},"s":{"0":0,"1":0,"2":0,"3":0,"4":0,"5":0,"6":0,"7":0,"8":0,"9":0,"10":0,"11":0,"12":0,"13":0,"14":0,"15":0,"16":0,"17":0,"18":0,"19":0,"20":0,"21":0,"22":0,"23":0,"24":0,"25":0,"26":0,"27":0},"f":{"0":0,"1":0,"2":0,"3":0,"4":0},"b":{"0":[0,0],"1":[0,0],"2":[0,0]}}
,"D:\\Programming\\ultimate-todo-list\\Part3-Realtime App\\src\\redux\\actions\\actions-todos.js": {"path":"D:\\Programming\\ultimate-todo-list\\Part3-Realtime App\\src\\redux\\actions\\actions-todos.js","statementMap":{"0":{"start":{"line":5,"column":26},"end":{"line":10,"column":1}},"1":{"start":{"line":6,"column":4},"end":{"line":9,"column":5}},"2":{"start":{"line":12,"column":24},"end":{"line":17,"column":1}},"3":{"start":{"line":13,"column":4},"end":{"line":16,"column":5}},"4":{"start":{"line":18,"column":26},"end":{"line":23,"column":1}},"5":{"start":{"line":19,"column":4},"end":{"line":22,"column":5}},"6":{"start":{"line":25,"column":30},"end":{"line":31,"column":1}},"7":{"start":{"line":27,"column":4},"end":{"line":30,"column":5}},"8":{"start":{"line":36,"column":25},"end":{"line":45,"column":1}},"9":{"start":{"line":37,"column":4},"end":{"line":44,"column":5}},"10":{"start":{"line":38,"column":8},"end":{"line":43,"column":15}},"11":{"start":{"line":41,"column":16},"end":{"line":41,"column":35}},"12":{"start":{"line":42,"column":16},"end":{"line":42,"column":48}},"13":{"start":{"line":46,"column":31},"end":{"line":51,"column":1}},"14":{"start":{"line":47,"column":4},"end":{"line":50,"column":5}},"15":{"start":{"line":56,"column":24},"end":{"line":76,"column":1}},"16":{"start":{"line":57,"column":4},"end":{"line":75,"column":5}},"17":{"start":{"line":58,"column":8},"end":{"line":74,"column":15}},"18":{"start":{"line":62,"column":30},"end":{"line":62,"column":32}},"19":{"start":{"line":64,"column":16},"end":{"line":71,"column":18}},"20":{"start":{"line":66,"column":31},"end":{"line":66,"column":41}},"21":{"start":{"line":67,"column":20},"end":{"line":67,"column":37}},"22":{"start":{"line":68,"column":20},"end":{"line":68,"column":40}},"23":{"start":{"line":72,"column":16},"end":{"line":72,"column":43}},"24":{"start":{"line":73,"column":17},"end":{"line":73,"column":52}},"25":{"start":{"line":78,"column":30},"end":{"line":83,"column":1}},"26":{"start":{"line":79,"column":4},"end":{"line":82,"column":5}},"27":{"start":{"line":87,"column":26},"end":{"line":96,"column":1}},"28":{"start":{"line":88,"column":4},"end":{"line":95,"column":5}},"29":{"start":{"line":89,"column":9},"end":{"line":94,"column":15}},"30":{"start":{"line":93,"column":16},"end":{"line":93,"column":47}},"31":{"start":{"line":98,"column":32},"end":{"line":103,"column":1}},"32":{"start":{"line":99,"column":4},"end":{"line":102,"column":5}},"33":{"start":{"line":104,"column":26},"end":{"line":109,"column":1}},"34":{"start":{"line":105,"column":4},"end":{"line":108,"column":5}},"35":{"start":{"line":111,"column":32},"end":{"line":119,"column":1}},"36":{"start":{"line":112,"column":4},"end":{"line":118,"column":5}},"37":{"start":{"line":113,"column":8},"end":{"line":116,"column":10}},"38":{"start":{"line":115,"column":12},"end":{"line":115,"column":43}},"39":{"start":{"line":122,"column":29},"end":{"line":128,"column":1}},"40":{"start":{"line":124,"column":4},"end":{"line":127,"column":6}},"41":{"start":{"line":125,"column":8},"end":{"line":125,"column":51}}},"fnMap":{"0":{"name":"(anonymous_0)","decl":{"start":{"line":5,"column":26},"end":{"line":5,"column":27}},"loc":{"start":{"line":5,"column":32},"end":{"line":10,"column":1}},"line":5},"1":{"name":"(anonymous_1)","decl":{"start":{"line":12,"column":24},"end":{"line":12,"column":25}},"loc":{"start":{"line":12,"column":33},"end":{"line":17,"column":1}},"line":12},"2":{"name":"(anonymous_2)","decl":{"start":{"line":18,"column":26},"end":{"line":18,"column":27}},"loc":{"start":{"line":18,"column":32},"end":{"line":23,"column":1}},"line":18},"3":{"name":"(anonymous_3)","decl":{"start":{"line":25,"column":30},"end":{"line":25,"column":31}},"loc":{"start":{"line":25,"column":38},"end":{"line":31,"column":1}},"line":25},"4":{"name":"(anonymous_4)","decl":{"start":{"line":36,"column":25},"end":{"line":36,"column":26}},"loc":{"start":{"line":36,"column":35},"end":{"line":45,"column":1}},"line":36},"5":{"name":"(anonymous_5)","decl":{"start":{"line":37,"column":11},"end":{"line":37,"column":12}},"loc":{"start":{"line":37,"column":35},"end":{"line":44,"column":5}},"line":37},"6":{"name":"(anonymous_6)","decl":{"start":{"line":40,"column":18},"end":{"line":40,"column":19}},"loc":{"start":{"line":40,"column":30},"end":{"line":43,"column":13}},"line":40},"7":{"name":"(anonymous_7)","decl":{"start":{"line":46,"column":31},"end":{"line":46,"column":32}},"loc":{"start":{"line":46,"column":41},"end":{"line":51,"column":1}},"line":46},"8":{"name":"(anonymous_8)","decl":{"start":{"line":56,"column":24},"end":{"line":56,"column":25}},"loc":{"start":{"line":56,"column":30},"end":{"line":76,"column":1}},"line":56},"9":{"name":"(anonymous_9)","decl":{"start":{"line":57,"column":11},"end":{"line":57,"column":12}},"loc":{"start":{"line":57,"column":35},"end":{"line":75,"column":5}},"line":57},"10":{"name":"(anonymous_10)","decl":{"start":{"line":60,"column":18},"end":{"line":60,"column":19}},"loc":{"start":{"line":60,"column":37},"end":{"line":74,"column":13}},"line":60},"11":{"name":"(anonymous_11)","decl":{"start":{"line":64,"column":38},"end":{"line":64,"column":39}},"loc":{"start":{"line":64,"column":47},"end":{"line":71,"column":17}},"line":64},"12":{"name":"(anonymous_12)","decl":{"start":{"line":78,"column":30},"end":{"line":78,"column":31}},"loc":{"start":{"line":78,"column":41},"end":{"line":83,"column":1}},"line":78},"13":{"name":"(anonymous_13)","decl":{"start":{"line":87,"column":26},"end":{"line":87,"column":27}},"loc":{"start":{"line":87,"column":34},"end":{"line":96,"column":1}},"line":87},"14":{"name":"(anonymous_14)","decl":{"start":{"line":88,"column":11},"end":{"line":88,"column":12}},"loc":{"start":{"line":88,"column":35},"end":{"line":95,"column":5}},"line":88},"15":{"name":"(anonymous_15)","decl":{"start":{"line":91,"column":18},"end":{"line":91,"column":19}},"loc":{"start":{"line":91,"column":35},"end":{"line":94,"column":13}},"line":91},"16":{"name":"(anonymous_16)","decl":{"start":{"line":98,"column":32},"end":{"line":98,"column":33}},"loc":{"start":{"line":98,"column":40},"end":{"line":103,"column":1}},"line":98},"17":{"name":"(anonymous_17)","decl":{"start":{"line":104,"column":26},"end":{"line":104,"column":27}},"loc":{"start":{"line":104,"column":34},"end":{"line":109,"column":1}},"line":104},"18":{"name":"(anonymous_18)","decl":{"start":{"line":111,"column":32},"end":{"line":111,"column":33}},"loc":{"start":{"line":111,"column":47},"end":{"line":119,"column":1}},"line":111},"19":{"name":"(anonymous_19)","decl":{"start":{"line":112,"column":11},"end":{"line":112,"column":12}},"loc":{"start":{"line":112,"column":35},"end":{"line":118,"column":5}},"line":112},"20":{"name":"(anonymous_20)","decl":{"start":{"line":114,"column":14},"end":{"line":114,"column":15}},"loc":{"start":{"line":114,"column":20},"end":{"line":116,"column":9}},"line":114},"21":{"name":"(anonymous_21)","decl":{"start":{"line":122,"column":29},"end":{"line":122,"column":30}},"loc":{"start":{"line":122,"column":46},"end":{"line":128,"column":1}},"line":122},"22":{"name":"(anonymous_22)","decl":{"start":{"line":124,"column":11},"end":{"line":124,"column":12}},"loc":{"start":{"line":124,"column":25},"end":{"line":127,"column":5}},"line":124}},"branchMap":{},"s":{"0":7,"1":0,"2":7,"3":0,"4":7,"5":0,"6":7,"7":0,"8":7,"9":0,"10":0,"11":0,"12":0,"13":7,"14":1,"15":7,"16":0,"17":0,"18":0,"19":0,"20":0,"21":0,"22":0,"23":0,"24":0,"25":7,"26":1,"27":7,"28":0,"29":0,"30":0,"31":7,"32":1,"33":7,"34":0,"35":7,"36":0,"37":0,"38":0,"39":7,"40":0,"41":0},"f":{"0":0,"1":0,"2":0,"3":0,"4":0,"5":0,"6":0,"7":1,"8":0,"9":0,"10":0,"11":0,"12":1,"13":0,"14":0,"15":0,"16":1,"17":0,"18":0,"19":0,"20":0,"21":0,"22":0},"b":{},"_coverageSchema":"332fd63041d2c1bcb487cc26dd0d5f7d97098a6c","hash":"ccc779789783c8b37a2fbaf468cdbbe88c436e37"}
,"D:\\Programming\\ultimate-todo-list\\Part3-Realtime App\\src\\redux\\reducers\\index.js": {"path":"D:\\Programming\\ultimate-todo-list\\Part3-Realtime App\\src\\redux\\reducers\\index.js","statementMap":{"0":{"start":{"line":10,"column":20},"end":{"line":14,"column":2}}},"fnMap":{},"branchMap":{},"s":{"0":3},"f":{},"b":{},"_coverageSchema":"332fd63041d2c1bcb487cc26dd0d5f7d97098a6c","hash":"77cb6a14fef5299e4fdf1e2580521ca8c73a7f9b"}
,"D:\\Programming\\ultimate-todo-list\\Part3-Realtime App\\src\\redux\\reducers\\reducer-todos.js": {"path":"D:\\Programming\\ultimate-todo-list\\Part3-Realtime App\\src\\redux\\reducers\\reducer-todos.js","statementMap":{"0":{"start":{"line":3,"column":21},"end":{"line":8,"column":1}},"1":{"start":{"line":10,"column":14},"end":{"line":64,"column":1}},"2":{"start":{"line":12,"column":4},"end":{"line":62,"column":5}},"3":{"start":{"line":15,"column":12},"end":{"line":15,"column":77}},"4":{"start":{"line":18,"column":24},"end":{"line":18,"column":34}},"5":{"start":{"line":19,"column":11},"end":{"line":19,"column":28}},"6":{"start":{"line":20,"column":12},"end":{"line":20,"column":83}},"7":{"start":{"line":23,"column":12},"end":{"line":25,"column":14}},"8":{"start":{"line":28,"column":27},"end":{"line":28,"column":84}},"9":{"start":{"line":28,"column":54},"end":{"line":28,"column":83}},"10":{"start":{"line":29,"column":12},"end":{"line":31,"column":14}},"11":{"start":{"line":34,"column":12},"end":{"line":45,"column":14}},"12":{"start":{"line":37,"column":20},"end":{"line":43,"column":21}},"13":{"start":{"line":38,"column":24},"end":{"line":38,"column":62}},"14":{"start":{"line":42,"column":24},"end":{"line":42,"column":37}},"15":{"start":{"line":47,"column":12},"end":{"line":58,"column":14}},"16":{"start":{"line":50,"column":20},"end":{"line":51,"column":52}},"17":{"start":{"line":51,"column":24},"end":{"line":51,"column":52}},"18":{"start":{"line":53,"column":20},"end":{"line":53,"column":32}},"19":{"start":{"line":60,"column":12},"end":{"line":60,"column":25}}},"fnMap":{"0":{"name":"(anonymous_0)","decl":{"start":{"line":10,"column":14},"end":{"line":10,"column":15}},"loc":{"start":{"line":10,"column":48},"end":{"line":64,"column":1}},"line":10},"1":{"name":"(anonymous_1)","decl":{"start":{"line":28,"column":46},"end":{"line":28,"column":47}},"loc":{"start":{"line":28,"column":54},"end":{"line":28,"column":83}},"line":28},"2":{"name":"(anonymous_2)","decl":{"start":{"line":35,"column":16},"end":{"line":35,"column":17}},"loc":{"start":{"line":35,"column":27},"end":{"line":44,"column":17}},"line":35},"3":{"name":"(anonymous_3)","decl":{"start":{"line":48,"column":39},"end":{"line":48,"column":40}},"loc":{"start":{"line":48,"column":50},"end":{"line":56,"column":17}},"line":48}},"branchMap":{"0":{"loc":{"start":{"line":10,"column":15},"end":{"line":10,"column":35}},"type":"default-arg","locations":[{"start":{"line":10,"column":23},"end":{"line":10,"column":35}}],"line":10},"1":{"loc":{"start":{"line":12,"column":4},"end":{"line":62,"column":5}},"type":"switch","locations":[{"start":{"line":14,"column":8},"end":{"line":15,"column":77}},{"start":{"line":17,"column":8},"end":{"line":20,"column":83}},{"start":{"line":22,"column":8},"end":{"line":25,"column":14}},{"start":{"line":27,"column":8},"end":{"line":31,"column":14}},{"start":{"line":33,"column":8},"end":{"line":45,"column":14}},{"start":{"line":46,"column":8},"end":{"line":58,"column":14}},{"start":{"line":59,"column":8},"end":{"line":60,"column":25}}],"line":12},"2":{"loc":{"start":{"line":37,"column":20},"end":{"line":43,"column":21}},"type":"if","locations":[{"start":{"line":37,"column":20},"end":{"line":43,"column":21}},{"start":{"line":37,"column":20},"end":{"line":43,"column":21}}],"line":37},"3":{"loc":{"start":{"line":50,"column":20},"end":{"line":51,"column":52}},"type":"if","locations":[{"start":{"line":50,"column":20},"end":{"line":51,"column":52}},{"start":{"line":50,"column":20},"end":{"line":51,"column":52}}],"line":50}},"s":{"0":4,"1":4,"2":13,"3":0,"4":0,"5":0,"6":0,"7":1,"8":2,"9":6,"10":2,"11":0,"12":0,"13":0,"14":0,"15":0,"16":0,"17":0,"18":0,"19":10},"f":{"0":13,"1":6,"2":0,"3":0},"b":{"0":[10],"1":[0,0,1,2,0,0,10],"2":[0,0],"3":[0,0]},"_coverageSchema":"332fd63041d2c1bcb487cc26dd0d5f7d97098a6c","hash":"a8e0905b3a113fac46c5295690ba628028c8b05e"}
,"D:\\Programming\\ultimate-todo-list\\Part3-Realtime App\\src\\test\\fakeTodo.js": {"path":"D:\\Programming\\ultimate-todo-list\\Part3-Realtime App\\src\\test\\fakeTodo.js","statementMap":{},"fnMap":{},"branchMap":{},"s":{},"f":{},"b":{},"_coverageSchema":"332fd63041d2c1bcb487cc26dd0d5f7d97098a6c","hash":"b181dd15cfe3a285806b17ec4357d2ac32898edd"}
,"D:\\Programming\\ultimate-todo-list\\Part3-Realtime App\\src\\test\\setupTests.js": {"path":"D:\\Programming\\ultimate-todo-list\\Part3-Realtime App\\src\\test\\setupTests.js","statementMap":{"0":{"start":{"line":1,"column":27},"end":{"line":1,"column":44}},"1":{"start":{"line":1,"column":60},"end":{"line":1,"column":91}},"2":{"start":{"line":2,"column":26},"end":{"line":2,"column":60}},"3":{"start":{"line":2,"column":88},"end":{"line":2,"column":131}},"4":{"start":{"line":2,"column":170},"end":{"line":2,"column":224}},"5":{"start":{"line":4,"column":0},"end":{"line":4,"column":76}}},"fnMap":{"0":{"name":"_interopRequireDefault","decl":{"start":{"line":2,"column":141},"end":{"line":2,"column":163}},"loc":{"start":{"line":2,"column":169},"end":{"line":2,"column":225}},"line":2}},"branchMap":{"0":{"loc":{"start":{"line":2,"column":177},"end":{"line":2,"column":223}},"type":"cond-expr","locations":[{"start":{"line":2,"column":201},"end":{"line":2,"column":204}},{"start":{"line":2,"column":207},"end":{"line":2,"column":223}}],"line":2},"1":{"loc":{"start":{"line":2,"column":177},"end":{"line":2,"column":198}},"type":"binary-expr","locations":[{"start":{"line":2,"column":177},"end":{"line":2,"column":180}},{"start":{"line":2,"column":184},"end":{"line":2,"column":198}}],"line":2}},"s":{"0":0,"1":0,"2":0,"3":0,"4":0,"5":0},"f":{"0":0},"b":{"0":[0,0],"1":[0,0]}}
,"D:\\Programming\\ultimate-todo-list\\Part3-Realtime App\\src\\test\\components\\TodoListItem.test1.js": {"path":"D:\\Programming\\ultimate-todo-list\\Part3-Realtime App\\src\\test\\components\\TodoListItem.test1.js","statementMap":{"0":{"start":{"line":1,"column":32},"end":{"line":1,"column":135}},"1":{"start":{"line":1,"column":149},"end":{"line":1,"column":165}},"2":{"start":{"line":1,"column":180},"end":{"line":1,"column":210}},"3":{"start":{"line":2,"column":15},"end":{"line":2,"column":53}},"4":{"start":{"line":2,"column":70},"end":{"line":2,"column":102}},"5":{"start":{"line":3,"column":20},"end":{"line":3,"column":60}},"6":{"start":{"line":3,"column":82},"end":{"line":3,"column":119}},"7":{"start":{"line":3,"column":158},"end":{"line":3,"column":212}},"8":{"start":{"line":8,"column":0},"end":{"line":13,"column":3}},"9":{"start":{"line":10,"column":21},"end":{"line":10,"column":44}},"10":{"start":{"line":11,"column":4},"end":{"line":11,"column":152}},"11":{"start":{"line":12,"column":4},"end":{"line":12,"column":57}}},"fnMap":{"0":{"name":"_interopRequireDefault","decl":{"start":{"line":3,"column":129},"end":{"line":3,"column":151}},"loc":{"start":{"line":3,"column":157},"end":{"line":3,"column":213}},"line":3},"1":{"name":"(anonymous_1)","decl":{"start":{"line":8,"column":47},"end":{"line":8,"column":48}},"loc":{"start":{"line":8,"column":53},"end":{"line":13,"column":1}},"line":8}},"branchMap":{"0":{"loc":{"start":{"line":3,"column":165},"end":{"line":3,"column":211}},"type":"cond-expr","locations":[{"start":{"line":3,"column":189},"end":{"line":3,"column":192}},{"start":{"line":3,"column":195},"end":{"line":3,"column":211}}],"line":3},"1":{"loc":{"start":{"line":3,"column":165},"end":{"line":3,"column":186}},"type":"binary-expr","locations":[{"start":{"line":3,"column":165},"end":{"line":3,"column":168}},{"start":{"line":3,"column":172},"end":{"line":3,"column":186}}],"line":3}},"s":{"0":0,"1":0,"2":0,"3":0,"4":0,"5":0,"6":0,"7":0,"8":0,"9":0,"10":0,"11":0},"f":{"0":0,"1":0},"b":{"0":[0,0],"1":[0,0]}}
}
