<?xml version="1.0" encoding="UTF-8"?>
<coverage generated="1537602195472" clover="3.2.0">
  <project timestamp="1537602195472" name="All files">
    <metrics statements="54" coveredstatements="44" conditionals="15" coveredconditionals="11" methods="8" coveredmethods="6" elements="77" coveredelements="61" complexity="0" loc="54" ncloc="54" packages="4" files="4" classes="4">
      <package name="lib">
        <metrics statements="16" coveredstatements="13" conditionals="0" coveredconditionals="0" methods="2" coveredmethods="0"/>
        <file name="app.ts" path="E:\Profgramming\new folder\ultimate-todo-list\Part1-Step2-SQL/lib\app.ts">
          <metrics statements="16" coveredstatements="13" conditionals="0" coveredconditionals="0" methods="2" coveredmethods="0"/>
          <line num="1" count="1" type="stmt"/>
          <line num="3" count="1" type="stmt"/>
          <line num="6" count="1" type="stmt"/>
          <line num="10" count="1" type="stmt"/>
          <line num="12" count="1" type="stmt"/>
          <line num="15" count="1" type="stmt"/>
          <line num="18" count="1" type="stmt"/>
          <line num="19" count="1" type="stmt"/>
          <line num="23" count="1" type="stmt"/>
          <line num="26" count="1" type="stmt"/>
          <line num="29" count="1" type="stmt"/>
          <line num="30" count="0" type="stmt"/>
          <line num="34" count="1" type="stmt"/>
          <line num="36" count="0" type="stmt"/>
          <line num="37" count="0" type="stmt"/>
          <line num="41" count="1" type="stmt"/>
        </file>
      </package>
      <package name="lib.config">
        <metrics statements="8" coveredstatements="7" conditionals="2" coveredconditionals="1" methods="1" coveredmethods="1"/>
        <file name="db-config.ts" path="E:\Profgramming\new folder\ultimate-todo-list\Part1-Step2-SQL/lib\config\db-config.ts">
          <metrics statements="8" coveredstatements="7" conditionals="2" coveredconditionals="1" methods="1" coveredmethods="1"/>
          <line num="1" count="1" type="stmt"/>
          <line num="2" count="1" type="stmt"/>
          <line num="7" count="1" type="stmt"/>
          <line num="10" count="1" type="stmt"/>
          <line num="11" count="1" type="cond" truecount="1" falsecount="1"/>
          <line num="12" count="0" type="stmt"/>
          <line num="15" count="1" type="stmt"/>
          <line num="20" count="1" type="stmt"/>
        </file>
      </package>
      <package name="lib.middlewares">
        <metrics statements="4" coveredstatements="4" conditionals="0" coveredconditionals="0" methods="1" coveredmethods="1"/>
        <file name="response-template.ts" path="E:\Profgramming\new folder\ultimate-todo-list\Part1-Step2-SQL/lib\middlewares\response-template.ts">
          <metrics statements="4" coveredstatements="4" conditionals="0" coveredconditionals="0" methods="1" coveredmethods="1"/>
          <line num="1" count="1" type="stmt"/>
          <line num="3" count="2" type="stmt"/>
          <line num="9" count="2" type="stmt"/>
          <line num="13" count="1" type="stmt"/>
        </file>
      </package>
      <package name="lib.routes">
        <metrics statements="26" coveredstatements="20" conditionals="13" coveredconditionals="10" methods="4" coveredmethods="4"/>
        <file name="routes-todos.ts" path="E:\Profgramming\new folder\ultimate-todo-list\Part1-Step2-SQL/lib\routes\routes-todos.ts">
          <metrics statements="26" coveredstatements="20" conditionals="13" coveredconditionals="10" methods="4" coveredmethods="4"/>
          <line num="1" count="1" type="stmt"/>
          <line num="2" count="1" type="stmt"/>
          <line num="3" count="1" type="stmt"/>
          <line num="5" count="1" type="stmt"/>
          <line num="7" count="1" type="stmt"/>
          <line num="8" count="1" type="cond" truecount="3" falsecount="1"/>
          <line num="9" count="0" type="stmt"/>
          <line num="10" count="0" type="stmt"/>
          <line num="12" count="1" type="stmt"/>
          <line num="13" count="1" type="stmt"/>
          <line num="14" count="1" type="stmt"/>
          <line num="17" count="1" type="stmt"/>
          <line num="24" count="1" type="stmt"/>
          <line num="26" count="1" type="cond" truecount="4" falsecount="1"/>
          <line num="27" count="0" type="stmt"/>
          <line num="28" count="0" type="stmt"/>
          <line num="30" count="1" type="stmt"/>
          <line num="34" count="1" type="stmt"/>
          <line num="36" count="1" type="cond" truecount="3" falsecount="1"/>
          <line num="37" count="0" type="stmt"/>
          <line num="38" count="0" type="stmt"/>
          <line num="40" count="1" type="stmt"/>
          <line num="41" count="1" type="stmt"/>
          <line num="42" count="1" type="stmt"/>
          <line num="44" count="1" type="stmt"/>
          <line num="51" count="1" type="stmt"/>
        </file>
      </package>
    </metrics>
  </project>
</coverage>
