{"E:\\Profgramming\\new folder\\ultimate-todo-list\\Part1-Step2-SQL/lib\\app.ts": {"path":"E:\\Profgramming\\new folder\\ultimate-todo-list\\Part1-Step2-SQL/lib\\app.ts","statementMap":{"0":{"start":{"line":1,"column":0},"end":{"line":1,"column":35}},"1":{"start":{"line":3,"column":0},"end":{"line":3,"column":40}},"2":{"start":{"line":6,"column":0},"end":{"line":6,"column":46}},"3":{"start":{"line":10,"column":0},"end":{"line":10,"column":61}},"4":{"start":{"line":12,"column":15},"end":{"line":12,"column":24}},"5":{"start":{"line":15,"column":0},"end":{"line":15,"column":29}},"6":{"start":{"line":18,"column":0},"end":{"line":18,"column":53}},"7":{"start":{"line":19,"column":0},"end":{"line":19,"column":29}},"8":{"start":{"line":23,"column":0},"end":{"line":23,"column":30}},"9":{"start":{"line":26,"column":0},"end":{"line":26,"column":37}},"10":{"start":{"line":29,"column":0},"end":{"line":31,"column":2}},"11":{"start":{"line":30,"column":4},"end":{"line":30,"column":45}},"12":{"start":{"line":34,"column":0},"end":{"line":39,"column":2}},"13":{"start":{"line":36,"column":4},"end":{"line":36,"column":22}},"14":{"start":{"line":37,"column":4},"end":{"line":37,"column":44}},"15":{"start":{"line":41,"column":0},"end":{"line":41,"column":21}}},"fnMap":{"0":{"name":"(anonymous_2)","decl":{"start":{"line":29,"column":16},"end":{"line":29,"column":17}},"loc":{"start":{"line":29,"column":34},"end":{"line":31,"column":1}}},"1":{"name":"(anonymous_3)","decl":{"start":{"line":34,"column":11},"end":{"line":34,"column":20}},"loc":{"start":{"line":34,"column":40},"end":{"line":39,"column":1}}}},"branchMap":{},"s":{"0":1,"1":1,"2":1,"3":1,"4":1,"5":1,"6":1,"7":1,"8":1,"9":1,"10":1,"11":0,"12":1,"13":0,"14":0,"15":1},"f":{"0":0,"1":0},"b":{}}
,"E:\\Profgramming\\new folder\\ultimate-todo-list\\Part1-Step2-SQL/lib\\config\\db-config.ts": {"path":"E:\\Profgramming\\new folder\\ultimate-todo-list\\Part1-Step2-SQL/lib\\config\\db-config.ts","statementMap":{"0":{"start":{"line":1,"column":25},"end":{"line":1,"column":84}},"1":{"start":{"line":2,"column":0},"end":{"line":2,"column":23}},"2":{"start":{"line":7,"column":15},"end":{"line":9,"column":4}},"3":{"start":{"line":10,"column":2},"end":{"line":17,"column":5}},"4":{"start":{"line":11,"column":6},"end":{"line":16,"column":7}},"5":{"start":{"line":12,"column":10},"end":{"line":12,"column":27}},"6":{"start":{"line":15,"column":10},"end":{"line":15,"column":68}},"7":{"start":{"line":20,"column":0},"end":{"line":20,"column":22}}},"fnMap":{"0":{"name":"(anonymous_0)","decl":{"start":{"line":10,"column":17},"end":{"line":10,"column":18}},"loc":{"start":{"line":10,"column":24},"end":{"line":17,"column":3}}}},"branchMap":{"0":{"loc":{"start":{"line":11,"column":6},"end":{"line":16,"column":7}},"type":"if","locations":[{"start":{"line":11,"column":6},"end":{"line":16,"column":7}},{"start":{"line":11,"column":6},"end":{"line":16,"column":7}}]}},"s":{"0":1,"1":1,"2":1,"3":1,"4":1,"5":0,"6":1,"7":1},"f":{"0":1},"b":{"0":[0,1]}}
,"E:\\Profgramming\\new folder\\ultimate-todo-list\\Part1-Step2-SQL/lib\\middlewares\\response-template.ts": {"path":"E:\\Profgramming\\new folder\\ultimate-todo-list\\Part1-Step2-SQL/lib\\middlewares\\response-template.ts","statementMap":{"0":{"start":{"line":1,"column":25},"end":{"line":11,"column":1}},"1":{"start":{"line":3,"column":4},"end":{"line":7,"column":5}},"2":{"start":{"line":9,"column":4},"end":{"line":9,"column":10}},"3":{"start":{"line":13,"column":0},"end":{"line":13,"column":31}}},"fnMap":{"0":{"name":"(anonymous_0)","decl":{"start":{"line":1,"column":25},"end":{"line":1,"column":26}},"loc":{"start":{"line":1,"column":44},"end":{"line":11,"column":1}}}},"branchMap":{},"s":{"0":1,"1":5,"2":5,"3":1},"f":{"0":5},"b":{}}
,"E:\\Profgramming\\new folder\\ultimate-todo-list\\Part1-Step2-SQL/lib\\routes\\routes-todos.ts": {"path":"E:\\Profgramming\\new folder\\ultimate-todo-list\\Part1-Step2-SQL/lib\\routes\\routes-todos.ts","statementMap":{"0":{"start":{"line":1,"column":0},"end":{"line":1,"column":35}},"1":{"start":{"line":2,"column":13},"end":{"line":2,"column":29}},"2":{"start":{"line":3,"column":0},"end":{"line":3,"column":39}},"3":{"start":{"line":5,"column":0},"end":{"line":21,"column":2}},"4":{"start":{"line":7,"column":4},"end":{"line":19,"column":6}},"5":{"start":{"line":8,"column":8},"end":{"line":11,"column":9}},"6":{"start":{"line":9,"column":12},"end":{"line":9,"column":48}},"7":{"start":{"line":10,"column":12},"end":{"line":10,"column":46}},"8":{"start":{"line":12,"column":8},"end":{"line":12,"column":28}},"9":{"start":{"line":13,"column":8},"end":{"line":13,"column":37}},"10":{"start":{"line":14,"column":8},"end":{"line":14,"column":31}},"11":{"start":{"line":17,"column":8},"end":{"line":17,"column":42}},"12":{"start":{"line":24,"column":0},"end":{"line":47,"column":3}},"13":{"start":{"line":26,"column":4},"end":{"line":29,"column":5}},"14":{"start":{"line":27,"column":8},"end":{"line":27,"column":41}},"15":{"start":{"line":28,"column":8},"end":{"line":28,"column":42}},"16":{"start":{"line":30,"column":24},"end":{"line":33,"column":5}},"17":{"start":{"line":34,"column":4},"end":{"line":45,"column":6}},"18":{"start":{"line":36,"column":8},"end":{"line":39,"column":9}},"19":{"start":{"line":37,"column":12},"end":{"line":37,"column":48}},"20":{"start":{"line":38,"column":12},"end":{"line":38,"column":46}},"21":{"start":{"line":40,"column":8},"end":{"line":40,"column":28}},"22":{"start":{"line":41,"column":8},"end":{"line":41,"column":37}},"23":{"start":{"line":42,"column":8},"end":{"line":42,"column":31}},"24":{"start":{"line":44,"column":8},"end":{"line":44,"column":35}},"25":{"start":{"line":50,"column":0},"end":{"line":69,"column":2}},"26":{"start":{"line":52,"column":17},"end":{"line":52,"column":27}},"27":{"start":{"line":53,"column":25},"end":{"line":57,"column":5}},"28":{"start":{"line":59,"column":4},"end":{"line":68,"column":6}},"29":{"start":{"line":60,"column":8},"end":{"line":63,"column":9}},"30":{"start":{"line":61,"column":12},"end":{"line":61,"column":48}},"31":{"start":{"line":62,"column":12},"end":{"line":62,"column":34}},"32":{"start":{"line":64,"column":8},"end":{"line":64,"column":28}},"33":{"start":{"line":65,"column":8},"end":{"line":65,"column":37}},"34":{"start":{"line":66,"column":8},"end":{"line":66,"column":31}},"35":{"start":{"line":67,"column":8},"end":{"line":67,"column":30}},"36":{"start":{"line":72,"column":0},"end":{"line":96,"column":2}},"37":{"start":{"line":74,"column":4},"end":{"line":77,"column":5}},"38":{"start":{"line":75,"column":8},"end":{"line":75,"column":41}},"39":{"start":{"line":76,"column":8},"end":{"line":76,"column":42}},"40":{"start":{"line":78,"column":22},"end":{"line":78,"column":32}},"41":{"start":{"line":79,"column":53},"end":{"line":79,"column":61}},"42":{"start":{"line":80,"column":24},"end":{"line":83,"column":5}},"43":{"start":{"line":84,"column":4},"end":{"line":94,"column":6}},"44":{"start":{"line":85,"column":8},"end":{"line":88,"column":9}},"45":{"start":{"line":86,"column":12},"end":{"line":86,"column":48}},"46":{"start":{"line":87,"column":12},"end":{"line":87,"column":34}},"47":{"start":{"line":89,"column":8},"end":{"line":89,"column":28}},"48":{"start":{"line":90,"column":8},"end":{"line":90,"column":36}},"49":{"start":{"line":91,"column":8},"end":{"line":91,"column":25}},"50":{"start":{"line":92,"column":8},"end":{"line":92,"column":30}},"51":{"start":{"line":99,"column":0},"end":{"line":115,"column":2}},"52":{"start":{"line":100,"column":22},"end":{"line":100,"column":32}},"53":{"start":{"line":101,"column":24},"end":{"line":104,"column":5}},"54":{"start":{"line":105,"column":4},"end":{"line":114,"column":6}},"55":{"start":{"line":106,"column":8},"end":{"line":109,"column":9}},"56":{"start":{"line":107,"column":12},"end":{"line":107,"column":48}},"57":{"start":{"line":108,"column":12},"end":{"line":108,"column":46}},"58":{"start":{"line":110,"column":8},"end":{"line":110,"column":28}},"59":{"start":{"line":111,"column":8},"end":{"line":111,"column":38}},"60":{"start":{"line":112,"column":8},"end":{"line":112,"column":25}},"61":{"start":{"line":113,"column":8},"end":{"line":113,"column":30}},"62":{"start":{"line":125,"column":0},"end":{"line":125,"column":21}}},"fnMap":{"0":{"name":"(anonymous_1)","decl":{"start":{"line":5,"column":16},"end":{"line":5,"column":17}},"loc":{"start":{"line":5,"column":35},"end":{"line":21,"column":1}}},"1":{"name":"(anonymous_2)","decl":{"start":{"line":7,"column":40},"end":{"line":7,"column":41}},"loc":{"start":{"line":7,"column":60},"end":{"line":19,"column":5}}},"2":{"name":"(anonymous_3)","decl":{"start":{"line":24,"column":19},"end":{"line":24,"column":28}},"loc":{"start":{"line":24,"column":47},"end":{"line":47,"column":1}}},"3":{"name":"(anonymous_4)","decl":{"start":{"line":34,"column":30},"end":{"line":34,"column":31}},"loc":{"start":{"line":34,"column":50},"end":{"line":45,"column":5}}},"4":{"name":"(anonymous_5)","decl":{"start":{"line":50,"column":20},"end":{"line":50,"column":29}},"loc":{"start":{"line":50,"column":43},"end":{"line":69,"column":1}}},"5":{"name":"(anonymous_6)","decl":{"start":{"line":59,"column":31},"end":{"line":59,"column":32}},"loc":{"start":{"line":59,"column":51},"end":{"line":68,"column":5}}},"6":{"name":"(anonymous_7)","decl":{"start":{"line":72,"column":19},"end":{"line":72,"column":28}},"loc":{"start":{"line":72,"column":47},"end":{"line":96,"column":1}}},"7":{"name":"(anonymous_8)","decl":{"start":{"line":84,"column":30},"end":{"line":84,"column":31}},"loc":{"start":{"line":84,"column":54},"end":{"line":94,"column":5}}},"8":{"name":"(anonymous_9)","decl":{"start":{"line":99,"column":23},"end":{"line":99,"column":32}},"loc":{"start":{"line":99,"column":51},"end":{"line":115,"column":1}}},"9":{"name":"(anonymous_10)","decl":{"start":{"line":105,"column":30},"end":{"line":105,"column":31}},"loc":{"start":{"line":105,"column":54},"end":{"line":114,"column":5}}}},"branchMap":{"0":{"loc":{"start":{"line":8,"column":8},"end":{"line":11,"column":9}},"type":"if","locations":[{"start":{"line":8,"column":8},"end":{"line":11,"column":9}},{"start":{"line":8,"column":8},"end":{"line":11,"column":9}}]},"1":{"loc":{"start":{"line":8,"column":12},"end":{"line":8,"column":18}},"type":"binary-expr","locations":[{"start":{"line":8,"column":12},"end":{"line":8,"column":18}},{"start":{"line":8,"column":22},"end":{"line":8,"column":40}}]},"2":{"loc":{"start":{"line":26,"column":4},"end":{"line":29,"column":5}},"type":"if","locations":[{"start":{"line":26,"column":4},"end":{"line":29,"column":5}},{"start":{"line":26,"column":4},"end":{"line":29,"column":5}}]},"3":{"loc":{"start":{"line":26,"column":8},"end":{"line":26,"column":23}},"type":"binary-expr","locations":[{"start":{"line":26,"column":8},"end":{"line":26,"column":23}},{"start":{"line":26,"column":27},"end":{"line":26,"column":42}},{"start":{"line":26,"column":46},"end":{"line":26,"column":67}}]},"4":{"loc":{"start":{"line":36,"column":8},"end":{"line":39,"column":9}},"type":"if","locations":[{"start":{"line":36,"column":8},"end":{"line":39,"column":9}},{"start":{"line":36,"column":8},"end":{"line":39,"column":9}}]},"5":{"loc":{"start":{"line":36,"column":12},"end":{"line":36,"column":18}},"type":"binary-expr","locations":[{"start":{"line":36,"column":12},"end":{"line":36,"column":18}},{"start":{"line":36,"column":22},"end":{"line":36,"column":40}}]},"6":{"loc":{"start":{"line":60,"column":8},"end":{"line":63,"column":9}},"type":"if","locations":[{"start":{"line":60,"column":8},"end":{"line":63,"column":9}},{"start":{"line":60,"column":8},"end":{"line":63,"column":9}}]},"7":{"loc":{"start":{"line":60,"column":12},"end":{"line":60,"column":18}},"type":"binary-expr","locations":[{"start":{"line":60,"column":12},"end":{"line":60,"column":18}},{"start":{"line":60,"column":22},"end":{"line":60,"column":40}}]},"8":{"loc":{"start":{"line":74,"column":4},"end":{"line":77,"column":5}},"type":"if","locations":[{"start":{"line":74,"column":4},"end":{"line":77,"column":5}},{"start":{"line":74,"column":4},"end":{"line":77,"column":5}}]},"9":{"loc":{"start":{"line":74,"column":8},"end":{"line":74,"column":23}},"type":"binary-expr","locations":[{"start":{"line":74,"column":8},"end":{"line":74,"column":23}},{"start":{"line":74,"column":27},"end":{"line":74,"column":42}},{"start":{"line":74,"column":46},"end":{"line":74,"column":67}}]},"10":{"loc":{"start":{"line":85,"column":8},"end":{"line":88,"column":9}},"type":"if","locations":[{"start":{"line":85,"column":8},"end":{"line":88,"column":9}},{"start":{"line":85,"column":8},"end":{"line":88,"column":9}}]},"11":{"loc":{"start":{"line":106,"column":8},"end":{"line":109,"column":9}},"type":"if","locations":[{"start":{"line":106,"column":8},"end":{"line":109,"column":9}},{"start":{"line":106,"column":8},"end":{"line":109,"column":9}}]}},"s":{"0":1,"1":1,"2":1,"3":1,"4":1,"5":1,"6":0,"7":0,"8":1,"9":1,"10":1,"11":1,"12":1,"13":1,"14":0,"15":0,"16":1,"17":1,"18":1,"19":0,"20":0,"21":1,"22":1,"23":1,"24":1,"25":1,"26":1,"27":1,"28":1,"29":1,"30":0,"31":0,"32":1,"33":1,"34":1,"35":1,"36":1,"37":1,"38":0,"39":0,"40":1,"41":1,"42":1,"43":1,"44":1,"45":0,"46":0,"47":1,"48":1,"49":1,"50":1,"51":1,"52":1,"53":1,"54":1,"55":1,"56":0,"57":0,"58":1,"59":1,"60":1,"61":1,"62":1},"f":{"0":1,"1":1,"2":1,"3":1,"4":1,"5":1,"6":1,"7":1,"8":1,"9":1},"b":{"0":[0,1],"1":[1,1],"2":[0,1],"3":[1,1,1],"4":[0,1],"5":[1,1],"6":[0,1],"7":[1,1],"8":[0,1],"9":[1,1,1],"10":[0,1],"11":[0,1]}}
}
