TN:
SF:D:\Programming\ultimate-todo-list\Part1-Step2-SQL/lib\app.ts
FN:15,(anonymous_1)
FN:20,(anonymous_2)
FN:28,(anonymous_3)
FN:38,(anonymous_4)
FN:43,(anonymous_5)
FNF:5
FNH:3
FNDA:1,(anonymous_1)
FNDA:1,(anonymous_2)
FNDA:5,(anonymous_3)
FNDA:0,(anonymous_4)
FNDA:0,(anonymous_5)
DA:1,1
DA:2,1
DA:6,1
DA:9,1
DA:14,1
DA:16,1
DA:17,1
DA:22,1
DA:24,1
DA:25,1
DA:28,1
DA:29,5
DA:30,5
DA:31,5
DA:32,5
DA:33,5
DA:37,1
DA:38,1
DA:39,0
DA:43,1
DA:44,0
DA:45,0
DA:51,1
LF:23
LH:20
BRF:0
BRH:0
end_of_record
TN:
SF:D:\Programming\ultimate-todo-list\Part1-Step2-SQL/lib\config\db-config.ts
FN:7,(anonymous_0)
FNF:1
FNH:1
FNDA:1,(anonymous_0)
DA:1,1
DA:2,1
DA:4,1
DA:7,1
DA:8,1
DA:9,0
DA:12,1
DA:17,1
LF:8
LH:7
BRDA:8,0,0,0
BRDA:8,0,1,1
BRF:2
BRH:1
end_of_record
TN:
SF:D:\Programming\ultimate-todo-list\Part1-Step2-SQL/lib\middlewares\response-template.ts
FN:1,(anonymous_0)
FNF:1
FNH:1
FNDA:5,(anonymous_0)
DA:1,1
DA:3,5
DA:9,5
DA:13,1
LF:4
LH:4
BRF:0
BRH:0
end_of_record
TN:
SF:D:\Programming\ultimate-todo-list\Part1-Step2-SQL/lib\routes\routes-todos.ts
FN:8,(anonymous_1)
FN:11,(anonymous_2)
FN:12,(anonymous_3)
FN:29,(anonymous_4)
FN:38,(anonymous_5)
FN:50,(anonymous_6)
FN:57,(anonymous_7)
FN:73,(anonymous_8)
FN:85,(anonymous_9)
FN:97,(anonymous_10)
FN:103,(anonymous_11)
FNF:11
FNH:11
FNDA:1,(anonymous_1)
FNDA:1,(anonymous_2)
FNDA:1,(anonymous_3)
FNDA:1,(anonymous_4)
FNDA:1,(anonymous_5)
FNDA:1,(anonymous_6)
FNDA:1,(anonymous_7)
FNDA:1,(anonymous_8)
FNDA:1,(anonymous_9)
FNDA:1,(anonymous_10)
FNDA:1,(anonymous_11)
DA:1,1
DA:2,1
DA:4,1
DA:6,1
DA:11,1
DA:12,1
DA:13,1
DA:14,0
DA:16,1
DA:17,0
DA:18,0
DA:19,0
DA:21,1
DA:22,1
DA:23,1
DA:24,1
DA:29,1
DA:30,1
DA:31,0
DA:32,0
DA:34,1
DA:38,1
DA:39,1
DA:40,0
DA:43,1
DA:44,1
DA:45,1
DA:50,1
DA:52,1
DA:53,1
DA:57,1
DA:58,1
DA:59,0
DA:61,1
DA:62,1
DA:63,1
DA:65,0
DA:66,0
DA:67,0
DA:68,0
DA:73,1
DA:75,1
DA:76,0
DA:77,0
DA:79,1
DA:80,1
DA:81,1
DA:85,1
DA:86,1
DA:87,0
DA:90,1
DA:91,1
DA:92,1
DA:97,1
DA:98,1
DA:99,1
DA:103,1
DA:105,1
DA:106,0
DA:109,1
DA:110,1
DA:111,1
LF:62
LH:46
BRDA:13,0,0,0
BRDA:13,0,1,1
BRDA:16,1,0,0
BRDA:16,1,1,1
BRDA:16,2,0,1
BRDA:16,2,1,1
BRDA:30,3,0,0
BRDA:30,3,1,1
BRDA:30,4,0,1
BRDA:30,4,1,1
BRDA:30,4,2,1
BRDA:39,5,0,0
BRDA:39,5,1,1
BRDA:58,6,0,0
BRDA:58,6,1,1
BRDA:61,7,0,1
BRDA:61,7,1,0
BRDA:61,8,0,1
BRDA:61,8,1,1
BRDA:75,9,0,0
BRDA:75,9,1,1
BRDA:75,10,0,1
BRDA:75,10,1,1
BRDA:75,10,2,1
BRDA:86,11,0,0
BRDA:86,11,1,1
BRDA:105,12,0,0
BRDA:105,12,1,1
BRF:28
BRH:19
end_of_record
