TN:
SF:E:\Profgramming\new folder\ultimate-todo-list\Part1-Step2-SQL/lib\app.ts
FN:29,(anonymous_2)
FN:34,(anonymous_3)
FNF:2
FNH:0
FNDA:0,(anonymous_2)
FNDA:0,(anonymous_3)
DA:1,1
DA:3,1
DA:6,1
DA:10,1
DA:12,1
DA:15,1
DA:18,1
DA:19,1
DA:23,1
DA:26,1
DA:29,1
DA:30,0
DA:34,1
DA:36,0
DA:37,0
DA:41,1
LF:16
LH:13
BRF:0
BRH:0
end_of_record
TN:
SF:E:\Profgramming\new folder\ultimate-todo-list\Part1-Step2-SQL/lib\config\db-config.ts
FN:10,(anonymous_0)
FNF:1
FNH:1
FNDA:1,(anonymous_0)
DA:1,1
DA:2,1
DA:7,1
DA:10,1
DA:11,1
DA:12,0
DA:15,1
DA:20,1
LF:8
LH:7
BRDA:11,0,0,0
BRDA:11,0,1,1
BRF:2
BRH:1
end_of_record
TN:
SF:E:\Profgramming\new folder\ultimate-todo-list\Part1-Step2-SQL/lib\middlewares\response-template.ts
FN:1,(anonymous_0)
FNF:1
FNH:1
FNDA:1,(anonymous_0)
DA:1,1
DA:3,1
DA:9,1
DA:13,1
LF:4
LH:4
BRF:0
BRH:0
end_of_record
TN:
SF:E:\Profgramming\new folder\ultimate-todo-list\Part1-Step2-SQL/lib\routes\routes-todos.ts
FN:5,(anonymous_1)
FN:7,(anonymous_2)
FNF:2
FNH:2
FNDA:1,(anonymous_1)
FNDA:1,(anonymous_2)
DA:1,1
DA:2,1
DA:3,1
DA:5,1
DA:7,1
DA:8,1
DA:9,0
DA:10,0
DA:12,1
DA:13,1
DA:14,1
DA:15,1
DA:17,1
DA:24,1
LF:14
LH:12
BRDA:8,0,0,0
BRDA:8,0,1,1
BRDA:8,1,0,1
BRDA:8,1,1,1
BRF:4
BRH:3
end_of_record
