{"D:\\Programming\\ultimate-todo-list\\Part1-Step1-NoSQL/lib\\app.ts": {"path":"D:\\Programming\\ultimate-todo-list\\Part1-Step1-NoSQL/lib\\app.ts","statementMap":{"0":{"start":{"line":1,"column":0},"end":{"line":1,"column":34}},"1":{"start":{"line":2,"column":0},"end":{"line":2,"column":41}},"2":{"start":{"line":6,"column":0},"end":{"line":6,"column":50}},"3":{"start":{"line":9,"column":0},"end":{"line":9,"column":61}},"4":{"start":{"line":16,"column":11},"end":{"line":16,"column":54}},"5":{"start":{"line":19,"column":8},"end":{"line":19,"column":32}},"6":{"start":{"line":20,"column":8},"end":{"line":20,"column":29}},"7":{"start":{"line":22,"column":8},"end":{"line":22,"column":37}},"8":{"start":{"line":27,"column":8},"end":{"line":27,"column":42}},"9":{"start":{"line":29,"column":8},"end":{"line":29,"column":67}},"10":{"start":{"line":30,"column":8},"end":{"line":30,"column":43}},"11":{"start":{"line":33,"column":8},"end":{"line":39,"column":11}},"12":{"start":{"line":34,"column":12},"end":{"line":34,"column":79}},"13":{"start":{"line":35,"column":12},"end":{"line":35,"column":67}},"14":{"start":{"line":36,"column":12},"end":{"line":36,"column":78}},"15":{"start":{"line":37,"column":12},"end":{"line":37,"column":71}},"16":{"start":{"line":38,"column":12},"end":{"line":38,"column":19}},"17":{"start":{"line":42,"column":8},"end":{"line":42,"column":43}},"18":{"start":{"line":43,"column":8},"end":{"line":45,"column":10}},"19":{"start":{"line":44,"column":12},"end":{"line":44,"column":54}},"20":{"start":{"line":48,"column":8},"end":{"line":51,"column":10}},"21":{"start":{"line":49,"column":12},"end":{"line":49,"column":31}},"22":{"start":{"line":50,"column":12},"end":{"line":50,"column":53}},"23":{"start":{"line":56,"column":0},"end":{"line":56,"column":31}}},"fnMap":{"0":{"name":"(anonymous_1)","decl":{"start":{"line":18,"column":4},"end":{"line":null,"column":-1}},"loc":{"start":{"line":18,"column":4},"end":{"line":23,"column":5}}},"1":{"name":"(anonymous_2)","decl":{"start":{"line":25,"column":12},"end":{"line":25,"column":24}},"loc":{"start":{"line":25,"column":25},"end":{"line":52,"column":5}}},"2":{"name":"(anonymous_3)","decl":{"start":{"line":33,"column":24},"end":{"line":33,"column":25}},"loc":{"start":{"line":33,"column":62},"end":{"line":39,"column":9}}},"3":{"name":"(anonymous_4)","decl":{"start":{"line":43,"column":29},"end":{"line":43,"column":30}},"loc":{"start":{"line":43,"column":61},"end":{"line":45,"column":9}}},"4":{"name":"(anonymous_5)","decl":{"start":{"line":48,"column":24},"end":{"line":48,"column":33}},"loc":{"start":{"line":48,"column":53},"end":{"line":51,"column":9}}}},"branchMap":{},"s":{"0":1,"1":1,"2":1,"3":1,"4":1,"5":1,"6":1,"7":1,"8":1,"9":1,"10":1,"11":1,"12":5,"13":5,"14":5,"15":5,"16":5,"17":1,"18":1,"19":0,"20":1,"21":0,"22":0,"23":1},"f":{"0":1,"1":1,"2":5,"3":0,"4":0},"b":{}}
,"D:\\Programming\\ultimate-todo-list\\Part1-Step1-NoSQL/lib\\config\\db-config.ts": {"path":"D:\\Programming\\ultimate-todo-list\\Part1-Step1-NoSQL/lib\\config\\db-config.ts","statementMap":{"0":{"start":{"line":1,"column":0},"end":{"line":1,"column":37}},"1":{"start":{"line":3,"column":13},"end":{"line":3,"column":76}},"2":{"start":{"line":4,"column":0},"end":{"line":4,"column":51}},"3":{"start":{"line":5,"column":9},"end":{"line":5,"column":28}},"4":{"start":{"line":6,"column":0},"end":{"line":6,"column":68}},"5":{"start":{"line":7,"column":0},"end":{"line":7,"column":77}},"6":{"start":{"line":7,"column":30},"end":{"line":7,"column":73}}},"fnMap":{"0":{"name":"(anonymous_0)","decl":{"start":{"line":7,"column":16},"end":{"line":7,"column":29}},"loc":{"start":{"line":7,"column":16},"end":{"line":7,"column":75}}}},"branchMap":{"0":{"loc":{"start":{"line":3,"column":13},"end":{"line":3,"column":31}},"type":"binary-expr","locations":[{"start":{"line":3,"column":13},"end":{"line":3,"column":31}},{"start":{"line":3,"column":35},"end":{"line":3,"column":76}}]}},"s":{"0":1,"1":1,"2":1,"3":1,"4":1,"5":1,"6":1},"f":{"0":1},"b":{"0":[1,1]}}
,"D:\\Programming\\ultimate-todo-list\\Part1-Step1-NoSQL/lib\\middlewares\\response-template.ts": {"path":"D:\\Programming\\ultimate-todo-list\\Part1-Step1-NoSQL/lib\\middlewares\\response-template.ts","statementMap":{"0":{"start":{"line":1,"column":25},"end":{"line":11,"column":1}},"1":{"start":{"line":3,"column":4},"end":{"line":7,"column":5}},"2":{"start":{"line":9,"column":4},"end":{"line":9,"column":10}},"3":{"start":{"line":13,"column":0},"end":{"line":13,"column":31}}},"fnMap":{"0":{"name":"(anonymous_0)","decl":{"start":{"line":1,"column":25},"end":{"line":1,"column":26}},"loc":{"start":{"line":1,"column":44},"end":{"line":11,"column":1}}}},"branchMap":{},"s":{"0":1,"1":5,"2":5,"3":1},"f":{"0":5},"b":{}}
,"D:\\Programming\\ultimate-todo-list\\Part1-Step1-NoSQL/lib\\models\\model-todos.ts": {"path":"D:\\Programming\\ultimate-todo-list\\Part1-Step1-NoSQL/lib\\models\\model-todos.ts","statementMap":{"0":{"start":{"line":1,"column":0},"end":{"line":1,"column":37}},"1":{"start":{"line":3,"column":15},"end":{"line":3,"column":30}},"2":{"start":{"line":5,"column":18},"end":{"line":29,"column":2}},"3":{"start":{"line":31,"column":12},"end":{"line":31,"column":48}},"4":{"start":{"line":33,"column":0},"end":{"line":33,"column":20}}},"fnMap":{},"branchMap":{},"s":{"0":1,"1":1,"2":1,"3":1,"4":1},"f":{},"b":{}}
,"D:\\Programming\\ultimate-todo-list\\Part1-Step1-NoSQL/lib\\routes\\routes-todos.ts": {"path":"D:\\Programming\\ultimate-todo-list\\Part1-Step1-NoSQL/lib\\routes\\routes-todos.ts","statementMap":{"0":{"start":{"line":1,"column":0},"end":{"line":1,"column":34}},"1":{"start":{"line":3,"column":13},"end":{"line":3,"column":29}},"2":{"start":{"line":5,"column":0},"end":{"line":5,"column":40}},"3":{"start":{"line":11,"column":8},"end":{"line":33,"column":10}},"4":{"start":{"line":13,"column":34},"end":{"line":13,"column":36}},"5":{"start":{"line":15,"column":12},"end":{"line":31,"column":14}},"6":{"start":{"line":17,"column":16},"end":{"line":19,"column":17}},"7":{"start":{"line":18,"column":20},"end":{"line":18,"column":36}},"8":{"start":{"line":21,"column":16},"end":{"line":24,"column":17}},"9":{"start":{"line":22,"column":20},"end":{"line":22,"column":56}},"10":{"start":{"line":23,"column":20},"end":{"line":23,"column":54}},"11":{"start":{"line":26,"column":16},"end":{"line":26,"column":36}},"12":{"start":{"line":27,"column":16},"end":{"line":27,"column":44}},"13":{"start":{"line":28,"column":16},"end":{"line":28,"column":34}},"14":{"start":{"line":29,"column":16},"end":{"line":29,"column":50}},"15":{"start":{"line":36,"column":8},"end":{"line":59,"column":10}},"16":{"start":{"line":38,"column":30},"end":{"line":38,"column":40}},"17":{"start":{"line":40,"column":12},"end":{"line":57,"column":14}},"18":{"start":{"line":42,"column":16},"end":{"line":44,"column":17}},"19":{"start":{"line":43,"column":20},"end":{"line":43,"column":36}},"20":{"start":{"line":46,"column":16},"end":{"line":49,"column":17}},"21":{"start":{"line":47,"column":20},"end":{"line":47,"column":56}},"22":{"start":{"line":48,"column":20},"end":{"line":48,"column":54}},"23":{"start":{"line":51,"column":16},"end":{"line":51,"column":36}},"24":{"start":{"line":52,"column":16},"end":{"line":52,"column":44}},"25":{"start":{"line":53,"column":16},"end":{"line":53,"column":33}},"26":{"start":{"line":55,"column":16},"end":{"line":55,"column":50}},"27":{"start":{"line":62,"column":8},"end":{"line":92,"column":10}},"28":{"start":{"line":67,"column":12},"end":{"line":70,"column":13}},"29":{"start":{"line":68,"column":16},"end":{"line":68,"column":49}},"30":{"start":{"line":69,"column":16},"end":{"line":69,"column":50}},"31":{"start":{"line":72,"column":23},"end":{"line":76,"column":14}},"32":{"start":{"line":78,"column":12},"end":{"line":90,"column":14}},"33":{"start":{"line":80,"column":16},"end":{"line":82,"column":17}},"34":{"start":{"line":81,"column":20},"end":{"line":81,"column":36}},"35":{"start":{"line":84,"column":16},"end":{"line":84,"column":36}},"36":{"start":{"line":85,"column":16},"end":{"line":85,"column":44}},"37":{"start":{"line":86,"column":16},"end":{"line":86,"column":33}},"38":{"start":{"line":88,"column":16},"end":{"line":88,"column":50}},"39":{"start":{"line":96,"column":8},"end":{"line":120,"column":10}},"40":{"start":{"line":98,"column":12},"end":{"line":101,"column":13}},"41":{"start":{"line":99,"column":16},"end":{"line":99,"column":49}},"42":{"start":{"line":100,"column":16},"end":{"line":100,"column":50}},"43":{"start":{"line":103,"column":30},"end":{"line":103,"column":40}},"44":{"start":{"line":104,"column":61},"end":{"line":104,"column":69}},"45":{"start":{"line":106,"column":12},"end":{"line":118,"column":14}},"46":{"start":{"line":108,"column":16},"end":{"line":110,"column":17}},"47":{"start":{"line":109,"column":20},"end":{"line":109,"column":36}},"48":{"start":{"line":112,"column":16},"end":{"line":112,"column":36}},"49":{"start":{"line":113,"column":16},"end":{"line":113,"column":44}},"50":{"start":{"line":114,"column":16},"end":{"line":114,"column":33}},"51":{"start":{"line":116,"column":16},"end":{"line":116,"column":50}},"52":{"start":{"line":123,"column":8},"end":{"line":141,"column":10}},"53":{"start":{"line":125,"column":30},"end":{"line":125,"column":40}},"54":{"start":{"line":127,"column":12},"end":{"line":139,"column":14}},"55":{"start":{"line":129,"column":16},"end":{"line":131,"column":17}},"56":{"start":{"line":130,"column":20},"end":{"line":130,"column":36}},"57":{"start":{"line":133,"column":16},"end":{"line":133,"column":36}},"58":{"start":{"line":134,"column":16},"end":{"line":134,"column":46}},"59":{"start":{"line":135,"column":16},"end":{"line":135,"column":33}},"60":{"start":{"line":137,"column":16},"end":{"line":137,"column":50}},"61":{"start":{"line":7,"column":0},"end":{"line":145,"column":1}}},"fnMap":{"0":{"name":"(anonymous_1)","decl":{"start":{"line":9,"column":11},"end":{"line":9,"column":16}},"loc":{"start":{"line":9,"column":24},"end":{"line":143,"column":5}}},"1":{"name":"(anonymous_2)","decl":{"start":{"line":11,"column":39},"end":{"line":11,"column":40}},"loc":{"start":{"line":11,"column":74},"end":{"line":33,"column":9}}},"2":{"name":"(anonymous_3)","decl":{"start":{"line":15,"column":55},"end":{"line":15,"column":56}},"loc":{"start":{"line":15,"column":70},"end":{"line":31,"column":13}}},"3":{"name":"(anonymous_4)","decl":{"start":{"line":36,"column":43},"end":{"line":36,"column":52}},"loc":{"start":{"line":36,"column":83},"end":{"line":59,"column":9}}},"4":{"name":"(anonymous_5)","decl":{"start":{"line":40,"column":36},"end":{"line":40,"column":45}},"loc":{"start":{"line":40,"column":60},"end":{"line":57,"column":13}}},"5":{"name":"(anonymous_6)","decl":{"start":{"line":62,"column":40},"end":{"line":62,"column":49}},"loc":{"start":{"line":62,"column":79},"end":{"line":92,"column":9}}},"6":{"name":"(anonymous_7)","decl":{"start":{"line":78,"column":22},"end":{"line":78,"column":31}},"loc":{"start":{"line":78,"column":41},"end":{"line":90,"column":13}}},"7":{"name":"(anonymous_8)","decl":{"start":{"line":96,"column":43},"end":{"line":96,"column":52}},"loc":{"start":{"line":96,"column":82},"end":{"line":120,"column":9}}},"8":{"name":"(anonymous_9)","decl":{"start":{"line":106,"column":84},"end":{"line":106,"column":93}},"loc":{"start":{"line":106,"column":113},"end":{"line":118,"column":13}}},"9":{"name":"(anonymous_10)","decl":{"start":{"line":123,"column":46},"end":{"line":123,"column":55}},"loc":{"start":{"line":123,"column":84},"end":{"line":141,"column":9}}},"10":{"name":"(anonymous_11)","decl":{"start":{"line":127,"column":45},"end":{"line":127,"column":54}},"loc":{"start":{"line":127,"column":74},"end":{"line":139,"column":13}}}},"branchMap":{"0":{"loc":{"start":{"line":17,"column":16},"end":{"line":19,"column":17}},"type":"if","locations":[{"start":{"line":17,"column":16},"end":{"line":19,"column":17}},{"start":{"line":17,"column":16},"end":{"line":19,"column":17}}]},"1":{"loc":{"start":{"line":21,"column":16},"end":{"line":24,"column":17}},"type":"if","locations":[{"start":{"line":21,"column":16},"end":{"line":24,"column":17}},{"start":{"line":21,"column":16},"end":{"line":24,"column":17}}]},"2":{"loc":{"start":{"line":42,"column":16},"end":{"line":44,"column":17}},"type":"if","locations":[{"start":{"line":42,"column":16},"end":{"line":44,"column":17}},{"start":{"line":42,"column":16},"end":{"line":44,"column":17}}]},"3":{"loc":{"start":{"line":46,"column":16},"end":{"line":49,"column":17}},"type":"if","locations":[{"start":{"line":46,"column":16},"end":{"line":49,"column":17}},{"start":{"line":46,"column":16},"end":{"line":49,"column":17}}]},"4":{"loc":{"start":{"line":67,"column":12},"end":{"line":70,"column":13}},"type":"if","locations":[{"start":{"line":67,"column":12},"end":{"line":70,"column":13}},{"start":{"line":67,"column":12},"end":{"line":70,"column":13}}]},"5":{"loc":{"start":{"line":67,"column":16},"end":{"line":67,"column":31}},"type":"binary-expr","locations":[{"start":{"line":67,"column":16},"end":{"line":67,"column":31}},{"start":{"line":67,"column":35},"end":{"line":67,"column":50}},{"start":{"line":67,"column":54},"end":{"line":67,"column":75}}]},"6":{"loc":{"start":{"line":80,"column":16},"end":{"line":82,"column":17}},"type":"if","locations":[{"start":{"line":80,"column":16},"end":{"line":82,"column":17}},{"start":{"line":80,"column":16},"end":{"line":82,"column":17}}]},"7":{"loc":{"start":{"line":98,"column":12},"end":{"line":101,"column":13}},"type":"if","locations":[{"start":{"line":98,"column":12},"end":{"line":101,"column":13}},{"start":{"line":98,"column":12},"end":{"line":101,"column":13}}]},"8":{"loc":{"start":{"line":98,"column":16},"end":{"line":98,"column":31}},"type":"binary-expr","locations":[{"start":{"line":98,"column":16},"end":{"line":98,"column":31}},{"start":{"line":98,"column":35},"end":{"line":98,"column":50}},{"start":{"line":98,"column":54},"end":{"line":98,"column":75}}]},"9":{"loc":{"start":{"line":108,"column":16},"end":{"line":110,"column":17}},"type":"if","locations":[{"start":{"line":108,"column":16},"end":{"line":110,"column":17}},{"start":{"line":108,"column":16},"end":{"line":110,"column":17}}]},"10":{"loc":{"start":{"line":129,"column":16},"end":{"line":131,"column":17}},"type":"if","locations":[{"start":{"line":129,"column":16},"end":{"line":131,"column":17}},{"start":{"line":129,"column":16},"end":{"line":131,"column":17}}]}},"s":{"0":1,"1":1,"2":1,"3":1,"4":1,"5":1,"6":1,"7":0,"8":1,"9":0,"10":0,"11":1,"12":1,"13":1,"14":1,"15":1,"16":1,"17":1,"18":1,"19":0,"20":1,"21":1,"22":1,"23":0,"24":0,"25":0,"26":0,"27":1,"28":1,"29":0,"30":0,"31":1,"32":1,"33":1,"34":0,"35":1,"36":1,"37":1,"38":1,"39":1,"40":1,"41":0,"42":0,"43":1,"44":1,"45":1,"46":1,"47":0,"48":1,"49":1,"50":1,"51":1,"52":1,"53":1,"54":1,"55":1,"56":0,"57":1,"58":1,"59":1,"60":1,"61":1},"f":{"0":1,"1":1,"2":1,"3":1,"4":1,"5":1,"6":1,"7":1,"8":1,"9":1,"10":1},"b":{"0":[0,1],"1":[0,1],"2":[0,1],"3":[1,0],"4":[0,1],"5":[1,1,1],"6":[0,1],"7":[0,1],"8":[1,1,1],"9":[0,1],"10":[0,1]}}
}
