TN:
SF:E:\Saylani\Ultimate Todo App\New Folder\ultimate-todo-list\Part1-Step1-NoSQL/lib\app.ts
FN:28,(anonymous_2)
FN:33,(anonymous_3)
FNF:2
FNH:0
FNDA:0,(anonymous_2)
FNDA:0,(anonymous_3)
DA:1,1
DA:3,1
DA:6,1
DA:10,1
DA:12,1
DA:15,1
DA:18,1
DA:19,1
DA:23,1
DA:26,1
DA:28,1
DA:29,0
DA:33,1
DA:35,0
DA:36,0
DA:40,1
LF:16
LH:13
BRF:0
BRH:0
end_of_record
TN:
SF:E:\Saylani\Ultimate Todo App\New Folder\ultimate-todo-list\Part1-Step1-NoSQL/lib\config\db-config.ts
FN:7,(anonymous_0)
FNF:1
FNH:1
FNDA:1,(anonymous_0)
DA:1,1
DA:3,1
DA:4,1
DA:5,1
DA:6,1
DA:7,1
LF:6
LH:6
BRDA:3,0,0,1
BRDA:3,0,1,1
BRF:2
BRH:2
end_of_record
TN:
SF:E:\Saylani\Ultimate Todo App\New Folder\ultimate-todo-list\Part1-Step1-NoSQL/lib\middlewares\response-template.ts
FN:1,(anonymous_0)
FNF:1
FNH:1
FNDA:5,(anonymous_0)
DA:1,1
DA:3,5
DA:9,5
DA:13,1
LF:4
LH:4
BRF:0
BRH:0
end_of_record
TN:
SF:E:\Saylani\Ultimate Todo App\New Folder\ultimate-todo-list\Part1-Step1-NoSQL/lib\models\model-todos.ts
FNF:0
FNH:0
DA:1,1
DA:3,1
DA:5,1
DA:31,1
DA:33,1
LF:5
LH:5
BRF:0
BRH:0
end_of_record
TN:
SF:E:\Saylani\Ultimate Todo App\New Folder\ultimate-todo-list\Part1-Step1-NoSQL/lib\routes\routes-todos.ts
FN:6,(anonymous_1)
FN:10,(anonymous_2)
FN:28,(anonymous_3)
FN:32,(anonymous_4)
FN:50,(anonymous_5)
FN:66,(anonymous_6)
FN:85,(anonymous_7)
FN:95,(anonymous_8)
FN:113,(anonymous_9)
FN:117,(anonymous_10)
FNF:10
FNH:10
FNDA:1,(anonymous_1)
FNDA:1,(anonymous_2)
FNDA:1,(anonymous_3)
FNDA:1,(anonymous_4)
FNDA:1,(anonymous_5)
FNDA:1,(anonymous_6)
FNDA:1,(anonymous_7)
FNDA:1,(anonymous_8)
FNDA:1,(anonymous_9)
FNDA:1,(anonymous_10)
DA:1,1
DA:2,1
DA:4,1
DA:6,1
DA:8,1
DA:10,1
DA:12,1
DA:13,0
DA:14,0
DA:17,1
DA:18,1
DA:19,1
DA:21,1
DA:28,1
DA:30,1
DA:32,1
DA:34,1
DA:35,1
DA:36,1
DA:39,0
DA:40,0
DA:41,0
DA:43,0
DA:50,1
DA:55,1
DA:56,0
DA:57,0
DA:60,1
DA:66,1
DA:68,1
DA:69,0
DA:70,0
DA:73,1
DA:74,1
DA:75,1
DA:77,1
DA:85,1
DA:87,1
DA:88,0
DA:89,0
DA:92,1
DA:93,1
DA:95,1
DA:97,1
DA:98,1
DA:99,1
DA:102,0
DA:103,0
DA:104,0
DA:106,0
DA:113,1
DA:115,1
DA:117,1
DA:119,1
DA:120,1
DA:121,1
DA:124,0
DA:125,0
DA:126,0
DA:128,0
DA:137,1
LF:61
LH:41
BRDA:12,0,0,0
BRDA:12,0,1,1
BRDA:34,1,0,1
BRDA:34,1,1,0
BRDA:55,2,0,0
BRDA:55,2,1,1
BRDA:55,3,0,1
BRDA:55,3,1,1
BRDA:55,3,2,1
BRDA:68,4,0,0
BRDA:68,4,1,1
BRDA:87,5,0,0
BRDA:87,5,1,1
BRDA:87,6,0,1
BRDA:87,6,1,1
BRDA:87,6,2,1
BRDA:97,7,0,1
BRDA:97,7,1,0
BRDA:119,8,0,1
BRDA:119,8,1,0
BRF:20
BRH:13
end_of_record
