TN:
SF:D:\Programming\ultimate-todo-list\Part1-Step1-NoSQL/lib\app.ts
FN:18,(anonymous_1)
FN:25,(anonymous_2)
FN:33,(anonymous_3)
FN:43,(anonymous_4)
FN:48,(anonymous_5)
FNF:5
FNH:3
FNDA:1,(anonymous_1)
FNDA:1,(anonymous_2)
FNDA:5,(anonymous_3)
FNDA:0,(anonymous_4)
FNDA:0,(anonymous_5)
DA:1,1
DA:2,1
DA:6,1
DA:9,1
DA:16,1
DA:19,1
DA:20,1
DA:22,1
DA:27,1
DA:29,1
DA:30,1
DA:33,1
DA:34,5
DA:35,5
DA:36,5
DA:37,5
DA:38,5
DA:42,1
DA:43,1
DA:44,0
DA:48,1
DA:49,0
DA:50,0
DA:56,1
LF:24
LH:21
BRF:0
BRH:0
end_of_record
TN:
SF:D:\Programming\ultimate-todo-list\Part1-Step1-NoSQL/lib\config\db-config.ts
FN:7,(anonymous_0)
FNF:1
FNH:1
FNDA:1,(anonymous_0)
DA:1,1
DA:3,1
DA:4,1
DA:5,1
DA:6,1
DA:7,1
LF:6
LH:6
BRDA:3,0,0,1
BRDA:3,0,1,1
BRF:2
BRH:2
end_of_record
TN:
SF:D:\Programming\ultimate-todo-list\Part1-Step1-NoSQL/lib\middlewares\response-template.ts
FN:1,(anonymous_0)
FNF:1
FNH:1
FNDA:5,(anonymous_0)
DA:1,1
DA:3,5
DA:9,5
DA:13,1
LF:4
LH:4
BRF:0
BRH:0
end_of_record
TN:
SF:D:\Programming\ultimate-todo-list\Part1-Step1-NoSQL/lib\models\model-todos.ts
FNF:0
FNH:0
DA:1,1
DA:3,1
DA:5,1
DA:31,1
DA:33,1
LF:5
LH:5
BRF:0
BRH:0
end_of_record
TN:
SF:D:\Programming\ultimate-todo-list\Part1-Step1-NoSQL/lib\routes\routes-todos.ts
FN:9,(anonymous_1)
FN:11,(anonymous_2)
FN:15,(anonymous_3)
FN:36,(anonymous_4)
FN:40,(anonymous_5)
FN:62,(anonymous_6)
FN:78,(anonymous_7)
FN:96,(anonymous_8)
FN:106,(anonymous_9)
FN:123,(anonymous_10)
FN:127,(anonymous_11)
FNF:11
FNH:11
FNDA:1,(anonymous_1)
FNDA:1,(anonymous_2)
FNDA:1,(anonymous_3)
FNDA:1,(anonymous_4)
FNDA:1,(anonymous_5)
FNDA:1,(anonymous_6)
FNDA:1,(anonymous_7)
FNDA:1,(anonymous_8)
FNDA:1,(anonymous_9)
FNDA:1,(anonymous_10)
FNDA:1,(anonymous_11)
DA:1,1
DA:3,1
DA:5,1
DA:7,1
DA:11,1
DA:13,1
DA:15,1
DA:17,1
DA:18,0
DA:21,1
DA:22,0
DA:23,0
DA:26,1
DA:27,1
DA:28,1
DA:29,1
DA:36,1
DA:38,1
DA:40,1
DA:42,1
DA:43,0
DA:46,1
DA:47,1
DA:48,1
DA:51,0
DA:52,0
DA:53,0
DA:55,0
DA:62,1
DA:67,1
DA:68,0
DA:69,0
DA:72,1
DA:78,1
DA:80,1
DA:81,0
DA:84,1
DA:85,1
DA:86,1
DA:88,1
DA:96,1
DA:98,1
DA:99,0
DA:100,0
DA:103,1
DA:104,1
DA:106,1
DA:108,1
DA:109,0
DA:112,1
DA:113,1
DA:114,1
DA:116,1
DA:123,1
DA:125,1
DA:127,1
DA:129,1
DA:130,0
DA:133,1
DA:134,1
DA:135,1
DA:137,1
LF:62
LH:47
BRDA:17,0,0,0
BRDA:17,0,1,1
BRDA:21,1,0,0
BRDA:21,1,1,1
BRDA:42,2,0,0
BRDA:42,2,1,1
BRDA:46,3,0,1
BRDA:46,3,1,0
BRDA:67,4,0,0
BRDA:67,4,1,1
BRDA:67,5,0,1
BRDA:67,5,1,1
BRDA:67,5,2,1
BRDA:80,6,0,0
BRDA:80,6,1,1
BRDA:98,7,0,0
BRDA:98,7,1,1
BRDA:98,8,0,1
BRDA:98,8,1,1
BRDA:98,8,2,1
BRDA:108,9,0,0
BRDA:108,9,1,1
BRDA:129,10,0,0
BRDA:129,10,1,1
BRF:24
BRH:15
end_of_record
